Created by PLY version 3.11 (http://www.dabeaz.com/ply)

Grammar

Rule 0     S' -> sigma
Rule 1     sigma -> L_LLAVE JSON R_LLAVE
Rule 2     JSON -> EMPRESAS
Rule 3     JSON -> EMPRESAS COMA FIRVER
Rule 4     JSON -> FIRVER COMA EMPRESAS
Rule 5     FIRVER -> VERSION COMA FIRMADIG
Rule 6     FIRVER -> FIRMADIG COMA VERSION
Rule 7     FIRVER -> VERSION
Rule 8     FIRVER -> FIRMADIG
Rule 9     EMPRESAS -> t_empresas DOSPUNTOS L_CORCHETE EMPRESA R_CORCHETE
Rule 10    EMPRESA -> L_LLAVE INFO R_LLAVE
Rule 11    EMPRESA -> L_LLAVE INFO R_LLAVE COMA EMPRESA
Rule 12    INFO -> NOMBRE_E COMA FUNDACION COMA DIRECCION COMA INGRESOS_AN COMA PYME COMA LINK COMA DEPARTAMENTOS
Rule 13    INFO -> NOMBRE_E COMA FUNDACION COMA INGRESOS_AN COMA PYME COMA LINK COMA DEPARTAMENTOS
Rule 14    INFO -> NOMBRE_E COMA FUNDACION COMA DIRECCION COMA INGRESOS_AN COMA PYME COMA DEPARTAMENTOS
Rule 15    INFO -> NOMBRE_E COMA FUNDACION COMA INGRESOS_AN COMA PYME COMA DEPARTAMENTOS
Rule 16    DIRECCION -> t_direccion DOSPUNTOS L_LLAVE INFODIR R_LLAVE
Rule 17    DIRECCION -> t_direccion DOSPUNTOS VACIOS
Rule 18    INFODIR -> CALLE COMA CIUDAD COMA PAIS
Rule 19    INFODIR -> CIUDAD COMA CALLE COMA PAIS
Rule 20    INFODIR -> CIUDAD COMA PAIS COMA CALLE
Rule 21    INFODIR -> PAIS COMA CALLE COMA CIUDAD
Rule 22    INFODIR -> PAIS COMA CIUDAD COMA CALLE
Rule 23    DEPARTAMENTOS -> t_departamentos DOSPUNTOS L_CORCHETE DEP R_CORCHETE
Rule 24    DEP -> L_LLAVE INFODEP R_LLAVE
Rule 25    DEP -> L_LLAVE INFODEP R_LLAVE COMA DEP
Rule 26    INFODEP -> NOMBRE COMA JEFE COMA SUBDEPARTAMENTO
Rule 27    INFODEP -> NOMBRE COMA SUBDEPARTAMENTO COMA JEFE
Rule 28    INFODEP -> NOMBRE COMA SUBDEPARTAMENTO
Rule 29    INFODEP -> SUBDEPARTAMENTO COMA NOMBRE
Rule 30    INFODEP -> JEFE COMA NOMBRE COMA SUBDEPARTAMENTO
Rule 31    INFODEP -> JEFE COMA SUBDEPARTAMENTO COMA NOMBRE
Rule 32    INFODEP -> SUBDEPARTAMENTO COMA JEFE COMA NOMBRE
Rule 33    INFODEP -> SUBDEPARTAMENTO COMA NOMBRE COMA JEFE
Rule 34    SUBDEPARTAMENTO -> t_subdepartamentos DOSPUNTOS L_CORCHETE SUBD R_CORCHETE
Rule 35    SUBD -> L_LLAVE INFOSUBD R_LLAVE
Rule 36    SUBD -> L_LLAVE INFOSUBD R_LLAVE COMA SUBD
Rule 37    INFOSUBD -> NOMBRE COMA JEFE COMA EMPLEADOS
Rule 38    INFOSUBD -> NOMBRE COMA EMPLEADOS COMA JEFE
Rule 39    INFOSUBD -> JEFE COMA NOMBRE COMA EMPLEADOS
Rule 40    INFOSUBD -> JEFE COMA EMPLEADOS COMA NOMBRE
Rule 41    INFOSUBD -> EMPLEADOS COMA NOMBRE COMA JEFE
Rule 42    INFOSUBD -> EMPLEADOS COMA JEFE COMA NOMBRE
Rule 43    INFOSUBD -> NOMBRE COMA JEFE
Rule 44    INFOSUBD -> NOMBRE COMA EMPLEADOS
Rule 45    INFOSUBD -> JEFE COMA NOMBRE
Rule 46    INFOSUBD -> EMPLEADOS COMA NOMBRE
Rule 47    INFOSUBD -> NOMBRE
Rule 48    EMPLEADOS -> t_empleados DOSPUNTOS L_CORCHETE EMP R_CORCHETE
Rule 49    EMPLEADOS -> t_empleados DOSPUNTOS VACIOS
Rule 50    EMP -> L_LLAVE NOMBRE COMA EDAD COMA CARGO COMA SALARIO COMA ACTIVO COMA FECHA_CON COMA PROYECTOS R_LLAVE
Rule 51    EMP -> L_LLAVE NOMBRE COMA EDAD COMA CARGO COMA SALARIO COMA ACTIVO COMA FECHA_CON COMA PROYECTOS R_LLAVE COMA EMP
Rule 52    EMP -> L_LLAVE NOMBRE COMA CARGO COMA SALARIO COMA ACTIVO COMA FECHA_CON COMA PROYECTOS R_LLAVE
Rule 53    EMP -> L_LLAVE NOMBRE COMA CARGO COMA SALARIO COMA ACTIVO COMA FECHA_CON COMA PROYECTOS R_LLAVE COMA EMP
Rule 54    EMP -> L_LLAVE NOMBRE COMA CARGO COMA SALARIO COMA ACTIVO COMA FECHA_CON R_LLAVE
Rule 55    EMP -> L_LLAVE NOMBRE COMA CARGO COMA SALARIO COMA ACTIVO COMA FECHA_CON R_LLAVE COMA EMP
Rule 56    EMP -> L_LLAVE NOMBRE COMA EDAD COMA CARGO COMA SALARIO COMA ACTIVO COMA FECHA_CON R_LLAVE
Rule 57    EMP -> L_LLAVE NOMBRE COMA EDAD COMA CARGO COMA SALARIO COMA ACTIVO COMA FECHA_CON R_LLAVE COMA EMP
Rule 58    PROYECTOS -> t_proyectos DOSPUNTOS L_CORCHETE PROY R_CORCHETE
Rule 59    PROYECTOS -> t_proyectos DOSPUNTOS VACIOS
Rule 60    PROY -> L_LLAVE NOMBRE COMA ESTADO COMA FECHA_IN COMA FECHA_FIN R_LLAVE
Rule 61    PROY -> L_LLAVE NOMBRE COMA ESTADO COMA FECHA_IN COMA FECHA_FIN R_LLAVE COMA PROY
Rule 62    PROY -> L_LLAVE NOMBRE COMA FECHA_IN COMA FECHA_FIN R_LLAVE
Rule 63    PROY -> L_LLAVE NOMBRE COMA FECHA_IN COMA FECHA_FIN R_LLAVE COMA PROY
Rule 64    PROY -> L_LLAVE NOMBRE COMA ESTADO COMA FECHA_IN R_LLAVE
Rule 65    PROY -> L_LLAVE NOMBRE COMA ESTADO COMA FECHA_IN R_LLAVE COMA PROY
Rule 66    PROY -> L_LLAVE NOMBRE COMA FECHA_IN R_LLAVE
Rule 67    PROY -> L_LLAVE NOMBRE COMA FECHA_IN R_LLAVE COMA PROY
Rule 68    NOMBRE_E -> t_nombre_empresa DOSPUNTOS STRING
Rule 69    FUNDACION -> t_fundacion DOSPUNTOS INTEGER
Rule 70    CALLE -> t_calle DOSPUNTOS STRING
Rule 71    CIUDAD -> t_ciudad DOSPUNTOS STRING
Rule 72    PAIS -> t_pais DOSPUNTOS STRING
Rule 73    INGRESOS_AN -> t_ingresos_anuales DOSPUNTOS FLOAT
Rule 74    PYME -> t_pyme DOSPUNTOS BOOLEAN
Rule 75    LINK -> t_link DOSPUNTOS LinkURL
Rule 76    LINK -> t_link DOSPUNTOS VACIOS
Rule 77    NOMBRE -> t_nombre DOSPUNTOS STRING
Rule 78    JEFE -> t_jefe DOSPUNTOS STRING
Rule 79    JEFE -> t_jefe DOSPUNTOS VACIOS
Rule 80    EDAD -> t_edad DOSPUNTOS INTEGER
Rule 81    EDAD -> t_edad DOSPUNTOS VACIOS
Rule 82    CARGO -> t_cargo DOSPUNTOS POSIBLE_CARGO
Rule 83    SALARIO -> t_salario DOSPUNTOS INTEGER
Rule 84    SALARIO -> t_salario DOSPUNTOS FLOAT
Rule 85    ACTIVO -> t_activo DOSPUNTOS BOOLEAN
Rule 86    FECHA_CON -> t_fecha_contratacion DOSPUNTOS DATE
Rule 87    ESTADO -> t_estado DOSPUNTOS POSIBLE_ESTADO
Rule 88    ESTADO -> t_estado DOSPUNTOS VACIOS
Rule 89    FECHA_IN -> t_fecha_inicio DOSPUNTOS DATE
Rule 90    FECHA_FIN -> t_fecha_fin DOSPUNTOS DATE
Rule 91    FECHA_FIN -> t_fecha_fin DOSPUNTOS VACIOS
Rule 92    VERSION -> t_version DOSPUNTOS STRING
Rule 93    VERSION -> t_version DOSPUNTOS VACIOS
Rule 94    FIRMADIG -> t_firma_digital DOSPUNTOS STRING
Rule 95    FIRMADIG -> t_firma_digital DOSPUNTOS VACIOS
Rule 96    VACIOS -> t_VACIOS

Terminals, with rules where they appear

BOOLEAN              : 74 85
COMA                 : 3 4 5 6 11 12 12 12 12 12 12 13 13 13 13 13 14 14 14 14 14 15 15 15 15 18 18 19 19 20 20 21 21 22 22 25 26 26 27 27 28 29 30 30 31 31 32 32 33 33 36 37 37 38 38 39 39 40 40 41 41 42 42 43 44 45 46 50 50 50 50 50 50 51 51 51 51 51 51 51 52 52 52 52 52 53 53 53 53 53 53 54 54 54 54 55 55 55 55 55 56 56 56 56 56 57 57 57 57 57 57 60 60 60 61 61 61 61 62 62 63 63 63 64 64 65 65 65 66 67 67
DATE                 : 86 89 90
DOSPUNTOS            : 9 16 17 23 34 48 49 58 59 68 69 70 71 72 73 74 75 76 77 78 79 80 81 82 83 84 85 86 87 88 89 90 91 92 93 94 95
FLOAT                : 73 84
INTEGER              : 69 80 83
L_CORCHETE           : 9 23 34 48 58
L_LLAVE              : 1 10 11 16 24 25 35 36 50 51 52 53 54 55 56 57 60 61 62 63 64 65 66 67
LinkURL              : 75
POSIBLE_CARGO        : 82
POSIBLE_ESTADO       : 87
R_CORCHETE           : 9 23 34 48 58
R_LLAVE              : 1 10 11 16 24 25 35 36 50 51 52 53 54 55 56 57 60 61 62 63 64 65 66 67
STRING               : 68 70 71 72 77 78 92 94
error                : 
t_VACIOS             : 96
t_activo             : 85
t_calle              : 70
t_cargo              : 82
t_ciudad             : 71
t_departamentos      : 23
t_direccion          : 16 17
t_edad               : 80 81
t_empleados          : 48 49
t_empresas           : 9
t_estado             : 87 88
t_fecha_contratacion : 86
t_fecha_fin          : 90 91
t_fecha_inicio       : 89
t_firma_digital      : 94 95
t_fundacion          : 69
t_ingresos_anuales   : 73
t_jefe               : 78 79
t_link               : 75 76
t_nombre             : 77
t_nombre_empresa     : 68
t_pais               : 72
t_proyectos          : 58 59
t_pyme               : 74
t_salario            : 83 84
t_subdepartamentos   : 34
t_version            : 92 93

Nonterminals, with rules where they appear

ACTIVO               : 50 51 52 53 54 55 56 57
CALLE                : 18 19 20 21 22
CARGO                : 50 51 52 53 54 55 56 57
CIUDAD               : 18 19 20 21 22
DEP                  : 23 25
DEPARTAMENTOS        : 12 13 14 15
DIRECCION            : 12 14
EDAD                 : 50 51 56 57
EMP                  : 48 51 53 55 57
EMPLEADOS            : 37 38 39 40 41 42 44 46
EMPRESA              : 9 11
EMPRESAS             : 2 3 4
ESTADO               : 60 61 64 65
FECHA_CON            : 50 51 52 53 54 55 56 57
FECHA_FIN            : 60 61 62 63
FECHA_IN             : 60 61 62 63 64 65 66 67
FIRMADIG             : 5 6 8
FIRVER               : 3 4
FUNDACION            : 12 13 14 15
INFO                 : 10 11
INFODEP              : 24 25
INFODIR              : 16
INFOSUBD             : 35 36
INGRESOS_AN          : 12 13 14 15
JEFE                 : 26 27 30 31 32 33 37 38 39 40 41 42 43 45
JSON                 : 1
LINK                 : 12 13
NOMBRE               : 26 27 28 29 30 31 32 33 37 38 39 40 41 42 43 44 45 46 47 50 51 52 53 54 55 56 57 60 61 62 63 64 65 66 67
NOMBRE_E             : 12 13 14 15
PAIS                 : 18 19 20 21 22
PROY                 : 58 61 63 65 67
PROYECTOS            : 50 51 52 53
PYME                 : 12 13 14 15
SALARIO              : 50 51 52 53 54 55 56 57
SUBD                 : 34 36
SUBDEPARTAMENTO      : 26 27 28 29 30 31 32 33
VACIOS               : 17 49 59 76 79 81 88 91 93 95
VERSION              : 5 6 7
sigma                : 0

Parsing method: LALR

state 0

    (0) S' -> . sigma
    (1) sigma -> . L_LLAVE JSON R_LLAVE

    L_LLAVE         shift and go to state 2

    sigma                          shift and go to state 1

state 1

    (0) S' -> sigma .



state 2

    (1) sigma -> L_LLAVE . JSON R_LLAVE
    (2) JSON -> . EMPRESAS
    (3) JSON -> . EMPRESAS COMA FIRVER
    (4) JSON -> . FIRVER COMA EMPRESAS
    (9) EMPRESAS -> . t_empresas DOSPUNTOS L_CORCHETE EMPRESA R_CORCHETE
    (5) FIRVER -> . VERSION COMA FIRMADIG
    (6) FIRVER -> . FIRMADIG COMA VERSION
    (7) FIRVER -> . VERSION
    (8) FIRVER -> . FIRMADIG
    (92) VERSION -> . t_version DOSPUNTOS STRING
    (93) VERSION -> . t_version DOSPUNTOS VACIOS
    (94) FIRMADIG -> . t_firma_digital DOSPUNTOS STRING
    (95) FIRMADIG -> . t_firma_digital DOSPUNTOS VACIOS

    t_empresas      shift and go to state 6
    t_version       shift and go to state 9
    t_firma_digital shift and go to state 10

    JSON                           shift and go to state 3
    EMPRESAS                       shift and go to state 4
    FIRVER                         shift and go to state 5
    VERSION                        shift and go to state 7
    FIRMADIG                       shift and go to state 8

state 3

    (1) sigma -> L_LLAVE JSON . R_LLAVE

    R_LLAVE         shift and go to state 11


state 4

    (2) JSON -> EMPRESAS .
    (3) JSON -> EMPRESAS . COMA FIRVER

    R_LLAVE         reduce using rule 2 (JSON -> EMPRESAS .)
    COMA            shift and go to state 12


state 5

    (4) JSON -> FIRVER . COMA EMPRESAS

    COMA            shift and go to state 13


state 6

    (9) EMPRESAS -> t_empresas . DOSPUNTOS L_CORCHETE EMPRESA R_CORCHETE

    DOSPUNTOS       shift and go to state 14


state 7

    (5) FIRVER -> VERSION . COMA FIRMADIG
    (7) FIRVER -> VERSION .

  ! shift/reduce conflict for COMA resolved as shift
    COMA            shift and go to state 15
    R_LLAVE         reduce using rule 7 (FIRVER -> VERSION .)

  ! COMA            [ reduce using rule 7 (FIRVER -> VERSION .) ]


state 8

    (6) FIRVER -> FIRMADIG . COMA VERSION
    (8) FIRVER -> FIRMADIG .

  ! shift/reduce conflict for COMA resolved as shift
    COMA            shift and go to state 16
    R_LLAVE         reduce using rule 8 (FIRVER -> FIRMADIG .)

  ! COMA            [ reduce using rule 8 (FIRVER -> FIRMADIG .) ]


state 9

    (92) VERSION -> t_version . DOSPUNTOS STRING
    (93) VERSION -> t_version . DOSPUNTOS VACIOS

    DOSPUNTOS       shift and go to state 17


state 10

    (94) FIRMADIG -> t_firma_digital . DOSPUNTOS STRING
    (95) FIRMADIG -> t_firma_digital . DOSPUNTOS VACIOS

    DOSPUNTOS       shift and go to state 18


state 11

    (1) sigma -> L_LLAVE JSON R_LLAVE .

    $end            reduce using rule 1 (sigma -> L_LLAVE JSON R_LLAVE .)


state 12

    (3) JSON -> EMPRESAS COMA . FIRVER
    (5) FIRVER -> . VERSION COMA FIRMADIG
    (6) FIRVER -> . FIRMADIG COMA VERSION
    (7) FIRVER -> . VERSION
    (8) FIRVER -> . FIRMADIG
    (92) VERSION -> . t_version DOSPUNTOS STRING
    (93) VERSION -> . t_version DOSPUNTOS VACIOS
    (94) FIRMADIG -> . t_firma_digital DOSPUNTOS STRING
    (95) FIRMADIG -> . t_firma_digital DOSPUNTOS VACIOS

    t_version       shift and go to state 9
    t_firma_digital shift and go to state 10

    FIRVER                         shift and go to state 19
    VERSION                        shift and go to state 7
    FIRMADIG                       shift and go to state 8

state 13

    (4) JSON -> FIRVER COMA . EMPRESAS
    (9) EMPRESAS -> . t_empresas DOSPUNTOS L_CORCHETE EMPRESA R_CORCHETE

    t_empresas      shift and go to state 6

    EMPRESAS                       shift and go to state 20

state 14

    (9) EMPRESAS -> t_empresas DOSPUNTOS . L_CORCHETE EMPRESA R_CORCHETE

    L_CORCHETE      shift and go to state 21


state 15

    (5) FIRVER -> VERSION COMA . FIRMADIG
    (94) FIRMADIG -> . t_firma_digital DOSPUNTOS STRING
    (95) FIRMADIG -> . t_firma_digital DOSPUNTOS VACIOS

    t_firma_digital shift and go to state 10

    FIRMADIG                       shift and go to state 22

state 16

    (6) FIRVER -> FIRMADIG COMA . VERSION
    (92) VERSION -> . t_version DOSPUNTOS STRING
    (93) VERSION -> . t_version DOSPUNTOS VACIOS

    t_version       shift and go to state 9

    VERSION                        shift and go to state 23

state 17

    (92) VERSION -> t_version DOSPUNTOS . STRING
    (93) VERSION -> t_version DOSPUNTOS . VACIOS
    (96) VACIOS -> . t_VACIOS

    STRING          shift and go to state 24
    t_VACIOS        shift and go to state 26

    VACIOS                         shift and go to state 25

state 18

    (94) FIRMADIG -> t_firma_digital DOSPUNTOS . STRING
    (95) FIRMADIG -> t_firma_digital DOSPUNTOS . VACIOS
    (96) VACIOS -> . t_VACIOS

    STRING          shift and go to state 27
    t_VACIOS        shift and go to state 26

    VACIOS                         shift and go to state 28

state 19

    (3) JSON -> EMPRESAS COMA FIRVER .

    R_LLAVE         reduce using rule 3 (JSON -> EMPRESAS COMA FIRVER .)


state 20

    (4) JSON -> FIRVER COMA EMPRESAS .

    R_LLAVE         reduce using rule 4 (JSON -> FIRVER COMA EMPRESAS .)


state 21

    (9) EMPRESAS -> t_empresas DOSPUNTOS L_CORCHETE . EMPRESA R_CORCHETE
    (10) EMPRESA -> . L_LLAVE INFO R_LLAVE
    (11) EMPRESA -> . L_LLAVE INFO R_LLAVE COMA EMPRESA

    L_LLAVE         shift and go to state 30

    EMPRESA                        shift and go to state 29

state 22

    (5) FIRVER -> VERSION COMA FIRMADIG .

    COMA            reduce using rule 5 (FIRVER -> VERSION COMA FIRMADIG .)
    R_LLAVE         reduce using rule 5 (FIRVER -> VERSION COMA FIRMADIG .)


state 23

    (6) FIRVER -> FIRMADIG COMA VERSION .

    COMA            reduce using rule 6 (FIRVER -> FIRMADIG COMA VERSION .)
    R_LLAVE         reduce using rule 6 (FIRVER -> FIRMADIG COMA VERSION .)


state 24

    (92) VERSION -> t_version DOSPUNTOS STRING .

    COMA            reduce using rule 92 (VERSION -> t_version DOSPUNTOS STRING .)
    R_LLAVE         reduce using rule 92 (VERSION -> t_version DOSPUNTOS STRING .)


state 25

    (93) VERSION -> t_version DOSPUNTOS VACIOS .

    COMA            reduce using rule 93 (VERSION -> t_version DOSPUNTOS VACIOS .)
    R_LLAVE         reduce using rule 93 (VERSION -> t_version DOSPUNTOS VACIOS .)


state 26

    (96) VACIOS -> t_VACIOS .

    COMA            reduce using rule 96 (VACIOS -> t_VACIOS .)
    R_LLAVE         reduce using rule 96 (VACIOS -> t_VACIOS .)


state 27

    (94) FIRMADIG -> t_firma_digital DOSPUNTOS STRING .

    COMA            reduce using rule 94 (FIRMADIG -> t_firma_digital DOSPUNTOS STRING .)
    R_LLAVE         reduce using rule 94 (FIRMADIG -> t_firma_digital DOSPUNTOS STRING .)


state 28

    (95) FIRMADIG -> t_firma_digital DOSPUNTOS VACIOS .

    COMA            reduce using rule 95 (FIRMADIG -> t_firma_digital DOSPUNTOS VACIOS .)
    R_LLAVE         reduce using rule 95 (FIRMADIG -> t_firma_digital DOSPUNTOS VACIOS .)


state 29

    (9) EMPRESAS -> t_empresas DOSPUNTOS L_CORCHETE EMPRESA . R_CORCHETE

    R_CORCHETE      shift and go to state 31


state 30

    (10) EMPRESA -> L_LLAVE . INFO R_LLAVE
    (11) EMPRESA -> L_LLAVE . INFO R_LLAVE COMA EMPRESA
    (12) INFO -> . NOMBRE_E COMA FUNDACION COMA DIRECCION COMA INGRESOS_AN COMA PYME COMA LINK COMA DEPARTAMENTOS
    (13) INFO -> . NOMBRE_E COMA FUNDACION COMA INGRESOS_AN COMA PYME COMA LINK COMA DEPARTAMENTOS
    (14) INFO -> . NOMBRE_E COMA FUNDACION COMA DIRECCION COMA INGRESOS_AN COMA PYME COMA DEPARTAMENTOS
    (15) INFO -> . NOMBRE_E COMA FUNDACION COMA INGRESOS_AN COMA PYME COMA DEPARTAMENTOS
    (68) NOMBRE_E -> . t_nombre_empresa DOSPUNTOS STRING

    t_nombre_empresa shift and go to state 34

    INFO                           shift and go to state 32
    NOMBRE_E                       shift and go to state 33

state 31

    (9) EMPRESAS -> t_empresas DOSPUNTOS L_CORCHETE EMPRESA R_CORCHETE .

    COMA            reduce using rule 9 (EMPRESAS -> t_empresas DOSPUNTOS L_CORCHETE EMPRESA R_CORCHETE .)
    R_LLAVE         reduce using rule 9 (EMPRESAS -> t_empresas DOSPUNTOS L_CORCHETE EMPRESA R_CORCHETE .)


state 32

    (10) EMPRESA -> L_LLAVE INFO . R_LLAVE
    (11) EMPRESA -> L_LLAVE INFO . R_LLAVE COMA EMPRESA

    R_LLAVE         shift and go to state 35


state 33

    (12) INFO -> NOMBRE_E . COMA FUNDACION COMA DIRECCION COMA INGRESOS_AN COMA PYME COMA LINK COMA DEPARTAMENTOS
    (13) INFO -> NOMBRE_E . COMA FUNDACION COMA INGRESOS_AN COMA PYME COMA LINK COMA DEPARTAMENTOS
    (14) INFO -> NOMBRE_E . COMA FUNDACION COMA DIRECCION COMA INGRESOS_AN COMA PYME COMA DEPARTAMENTOS
    (15) INFO -> NOMBRE_E . COMA FUNDACION COMA INGRESOS_AN COMA PYME COMA DEPARTAMENTOS

    COMA            shift and go to state 36


state 34

    (68) NOMBRE_E -> t_nombre_empresa . DOSPUNTOS STRING

    DOSPUNTOS       shift and go to state 37


state 35

    (10) EMPRESA -> L_LLAVE INFO R_LLAVE .
    (11) EMPRESA -> L_LLAVE INFO R_LLAVE . COMA EMPRESA

    R_CORCHETE      reduce using rule 10 (EMPRESA -> L_LLAVE INFO R_LLAVE .)
    COMA            shift and go to state 38


state 36

    (12) INFO -> NOMBRE_E COMA . FUNDACION COMA DIRECCION COMA INGRESOS_AN COMA PYME COMA LINK COMA DEPARTAMENTOS
    (13) INFO -> NOMBRE_E COMA . FUNDACION COMA INGRESOS_AN COMA PYME COMA LINK COMA DEPARTAMENTOS
    (14) INFO -> NOMBRE_E COMA . FUNDACION COMA DIRECCION COMA INGRESOS_AN COMA PYME COMA DEPARTAMENTOS
    (15) INFO -> NOMBRE_E COMA . FUNDACION COMA INGRESOS_AN COMA PYME COMA DEPARTAMENTOS
    (69) FUNDACION -> . t_fundacion DOSPUNTOS INTEGER

    t_fundacion     shift and go to state 40

    FUNDACION                      shift and go to state 39

state 37

    (68) NOMBRE_E -> t_nombre_empresa DOSPUNTOS . STRING

    STRING          shift and go to state 41


state 38

    (11) EMPRESA -> L_LLAVE INFO R_LLAVE COMA . EMPRESA
    (10) EMPRESA -> . L_LLAVE INFO R_LLAVE
    (11) EMPRESA -> . L_LLAVE INFO R_LLAVE COMA EMPRESA

    L_LLAVE         shift and go to state 30

    EMPRESA                        shift and go to state 42

state 39

    (12) INFO -> NOMBRE_E COMA FUNDACION . COMA DIRECCION COMA INGRESOS_AN COMA PYME COMA LINK COMA DEPARTAMENTOS
    (13) INFO -> NOMBRE_E COMA FUNDACION . COMA INGRESOS_AN COMA PYME COMA LINK COMA DEPARTAMENTOS
    (14) INFO -> NOMBRE_E COMA FUNDACION . COMA DIRECCION COMA INGRESOS_AN COMA PYME COMA DEPARTAMENTOS
    (15) INFO -> NOMBRE_E COMA FUNDACION . COMA INGRESOS_AN COMA PYME COMA DEPARTAMENTOS

    COMA            shift and go to state 43


state 40

    (69) FUNDACION -> t_fundacion . DOSPUNTOS INTEGER

    DOSPUNTOS       shift and go to state 44


state 41

    (68) NOMBRE_E -> t_nombre_empresa DOSPUNTOS STRING .

    COMA            reduce using rule 68 (NOMBRE_E -> t_nombre_empresa DOSPUNTOS STRING .)


state 42

    (11) EMPRESA -> L_LLAVE INFO R_LLAVE COMA EMPRESA .

    R_CORCHETE      reduce using rule 11 (EMPRESA -> L_LLAVE INFO R_LLAVE COMA EMPRESA .)


state 43

    (12) INFO -> NOMBRE_E COMA FUNDACION COMA . DIRECCION COMA INGRESOS_AN COMA PYME COMA LINK COMA DEPARTAMENTOS
    (13) INFO -> NOMBRE_E COMA FUNDACION COMA . INGRESOS_AN COMA PYME COMA LINK COMA DEPARTAMENTOS
    (14) INFO -> NOMBRE_E COMA FUNDACION COMA . DIRECCION COMA INGRESOS_AN COMA PYME COMA DEPARTAMENTOS
    (15) INFO -> NOMBRE_E COMA FUNDACION COMA . INGRESOS_AN COMA PYME COMA DEPARTAMENTOS
    (16) DIRECCION -> . t_direccion DOSPUNTOS L_LLAVE INFODIR R_LLAVE
    (17) DIRECCION -> . t_direccion DOSPUNTOS VACIOS
    (73) INGRESOS_AN -> . t_ingresos_anuales DOSPUNTOS FLOAT

    t_direccion     shift and go to state 47
    t_ingresos_anuales shift and go to state 48

    DIRECCION                      shift and go to state 45
    INGRESOS_AN                    shift and go to state 46

state 44

    (69) FUNDACION -> t_fundacion DOSPUNTOS . INTEGER

    INTEGER         shift and go to state 49


state 45

    (12) INFO -> NOMBRE_E COMA FUNDACION COMA DIRECCION . COMA INGRESOS_AN COMA PYME COMA LINK COMA DEPARTAMENTOS
    (14) INFO -> NOMBRE_E COMA FUNDACION COMA DIRECCION . COMA INGRESOS_AN COMA PYME COMA DEPARTAMENTOS

    COMA            shift and go to state 50


state 46

    (13) INFO -> NOMBRE_E COMA FUNDACION COMA INGRESOS_AN . COMA PYME COMA LINK COMA DEPARTAMENTOS
    (15) INFO -> NOMBRE_E COMA FUNDACION COMA INGRESOS_AN . COMA PYME COMA DEPARTAMENTOS

    COMA            shift and go to state 51


state 47

    (16) DIRECCION -> t_direccion . DOSPUNTOS L_LLAVE INFODIR R_LLAVE
    (17) DIRECCION -> t_direccion . DOSPUNTOS VACIOS

    DOSPUNTOS       shift and go to state 52


state 48

    (73) INGRESOS_AN -> t_ingresos_anuales . DOSPUNTOS FLOAT

    DOSPUNTOS       shift and go to state 53


state 49

    (69) FUNDACION -> t_fundacion DOSPUNTOS INTEGER .

    COMA            reduce using rule 69 (FUNDACION -> t_fundacion DOSPUNTOS INTEGER .)


state 50

    (12) INFO -> NOMBRE_E COMA FUNDACION COMA DIRECCION COMA . INGRESOS_AN COMA PYME COMA LINK COMA DEPARTAMENTOS
    (14) INFO -> NOMBRE_E COMA FUNDACION COMA DIRECCION COMA . INGRESOS_AN COMA PYME COMA DEPARTAMENTOS
    (73) INGRESOS_AN -> . t_ingresos_anuales DOSPUNTOS FLOAT

    t_ingresos_anuales shift and go to state 48

    INGRESOS_AN                    shift and go to state 54

state 51

    (13) INFO -> NOMBRE_E COMA FUNDACION COMA INGRESOS_AN COMA . PYME COMA LINK COMA DEPARTAMENTOS
    (15) INFO -> NOMBRE_E COMA FUNDACION COMA INGRESOS_AN COMA . PYME COMA DEPARTAMENTOS
    (74) PYME -> . t_pyme DOSPUNTOS BOOLEAN

    t_pyme          shift and go to state 56

    PYME                           shift and go to state 55

state 52

    (16) DIRECCION -> t_direccion DOSPUNTOS . L_LLAVE INFODIR R_LLAVE
    (17) DIRECCION -> t_direccion DOSPUNTOS . VACIOS
    (96) VACIOS -> . t_VACIOS

    L_LLAVE         shift and go to state 57
    t_VACIOS        shift and go to state 26

    VACIOS                         shift and go to state 58

state 53

    (73) INGRESOS_AN -> t_ingresos_anuales DOSPUNTOS . FLOAT

    FLOAT           shift and go to state 59


state 54

    (12) INFO -> NOMBRE_E COMA FUNDACION COMA DIRECCION COMA INGRESOS_AN . COMA PYME COMA LINK COMA DEPARTAMENTOS
    (14) INFO -> NOMBRE_E COMA FUNDACION COMA DIRECCION COMA INGRESOS_AN . COMA PYME COMA DEPARTAMENTOS

    COMA            shift and go to state 60


state 55

    (13) INFO -> NOMBRE_E COMA FUNDACION COMA INGRESOS_AN COMA PYME . COMA LINK COMA DEPARTAMENTOS
    (15) INFO -> NOMBRE_E COMA FUNDACION COMA INGRESOS_AN COMA PYME . COMA DEPARTAMENTOS

    COMA            shift and go to state 61


state 56

    (74) PYME -> t_pyme . DOSPUNTOS BOOLEAN

    DOSPUNTOS       shift and go to state 62


state 57

    (16) DIRECCION -> t_direccion DOSPUNTOS L_LLAVE . INFODIR R_LLAVE
    (18) INFODIR -> . CALLE COMA CIUDAD COMA PAIS
    (19) INFODIR -> . CIUDAD COMA CALLE COMA PAIS
    (20) INFODIR -> . CIUDAD COMA PAIS COMA CALLE
    (21) INFODIR -> . PAIS COMA CALLE COMA CIUDAD
    (22) INFODIR -> . PAIS COMA CIUDAD COMA CALLE
    (70) CALLE -> . t_calle DOSPUNTOS STRING
    (71) CIUDAD -> . t_ciudad DOSPUNTOS STRING
    (72) PAIS -> . t_pais DOSPUNTOS STRING

    t_calle         shift and go to state 67
    t_ciudad        shift and go to state 68
    t_pais          shift and go to state 69

    INFODIR                        shift and go to state 63
    CALLE                          shift and go to state 64
    CIUDAD                         shift and go to state 65
    PAIS                           shift and go to state 66

state 58

    (17) DIRECCION -> t_direccion DOSPUNTOS VACIOS .

    COMA            reduce using rule 17 (DIRECCION -> t_direccion DOSPUNTOS VACIOS .)


state 59

    (73) INGRESOS_AN -> t_ingresos_anuales DOSPUNTOS FLOAT .

    COMA            reduce using rule 73 (INGRESOS_AN -> t_ingresos_anuales DOSPUNTOS FLOAT .)


state 60

    (12) INFO -> NOMBRE_E COMA FUNDACION COMA DIRECCION COMA INGRESOS_AN COMA . PYME COMA LINK COMA DEPARTAMENTOS
    (14) INFO -> NOMBRE_E COMA FUNDACION COMA DIRECCION COMA INGRESOS_AN COMA . PYME COMA DEPARTAMENTOS
    (74) PYME -> . t_pyme DOSPUNTOS BOOLEAN

    t_pyme          shift and go to state 56

    PYME                           shift and go to state 70

state 61

    (13) INFO -> NOMBRE_E COMA FUNDACION COMA INGRESOS_AN COMA PYME COMA . LINK COMA DEPARTAMENTOS
    (15) INFO -> NOMBRE_E COMA FUNDACION COMA INGRESOS_AN COMA PYME COMA . DEPARTAMENTOS
    (75) LINK -> . t_link DOSPUNTOS LinkURL
    (76) LINK -> . t_link DOSPUNTOS VACIOS
    (23) DEPARTAMENTOS -> . t_departamentos DOSPUNTOS L_CORCHETE DEP R_CORCHETE

    t_link          shift and go to state 73
    t_departamentos shift and go to state 74

    LINK                           shift and go to state 71
    DEPARTAMENTOS                  shift and go to state 72

state 62

    (74) PYME -> t_pyme DOSPUNTOS . BOOLEAN

    BOOLEAN         shift and go to state 75


state 63

    (16) DIRECCION -> t_direccion DOSPUNTOS L_LLAVE INFODIR . R_LLAVE

    R_LLAVE         shift and go to state 76


state 64

    (18) INFODIR -> CALLE . COMA CIUDAD COMA PAIS

    COMA            shift and go to state 77


state 65

    (19) INFODIR -> CIUDAD . COMA CALLE COMA PAIS
    (20) INFODIR -> CIUDAD . COMA PAIS COMA CALLE

    COMA            shift and go to state 78


state 66

    (21) INFODIR -> PAIS . COMA CALLE COMA CIUDAD
    (22) INFODIR -> PAIS . COMA CIUDAD COMA CALLE

    COMA            shift and go to state 79


state 67

    (70) CALLE -> t_calle . DOSPUNTOS STRING

    DOSPUNTOS       shift and go to state 80


state 68

    (71) CIUDAD -> t_ciudad . DOSPUNTOS STRING

    DOSPUNTOS       shift and go to state 81


state 69

    (72) PAIS -> t_pais . DOSPUNTOS STRING

    DOSPUNTOS       shift and go to state 82


state 70

    (12) INFO -> NOMBRE_E COMA FUNDACION COMA DIRECCION COMA INGRESOS_AN COMA PYME . COMA LINK COMA DEPARTAMENTOS
    (14) INFO -> NOMBRE_E COMA FUNDACION COMA DIRECCION COMA INGRESOS_AN COMA PYME . COMA DEPARTAMENTOS

    COMA            shift and go to state 83


state 71

    (13) INFO -> NOMBRE_E COMA FUNDACION COMA INGRESOS_AN COMA PYME COMA LINK . COMA DEPARTAMENTOS

    COMA            shift and go to state 84


state 72

    (15) INFO -> NOMBRE_E COMA FUNDACION COMA INGRESOS_AN COMA PYME COMA DEPARTAMENTOS .

    R_LLAVE         reduce using rule 15 (INFO -> NOMBRE_E COMA FUNDACION COMA INGRESOS_AN COMA PYME COMA DEPARTAMENTOS .)


state 73

    (75) LINK -> t_link . DOSPUNTOS LinkURL
    (76) LINK -> t_link . DOSPUNTOS VACIOS

    DOSPUNTOS       shift and go to state 85


state 74

    (23) DEPARTAMENTOS -> t_departamentos . DOSPUNTOS L_CORCHETE DEP R_CORCHETE

    DOSPUNTOS       shift and go to state 86


state 75

    (74) PYME -> t_pyme DOSPUNTOS BOOLEAN .

    COMA            reduce using rule 74 (PYME -> t_pyme DOSPUNTOS BOOLEAN .)


state 76

    (16) DIRECCION -> t_direccion DOSPUNTOS L_LLAVE INFODIR R_LLAVE .

    COMA            reduce using rule 16 (DIRECCION -> t_direccion DOSPUNTOS L_LLAVE INFODIR R_LLAVE .)


state 77

    (18) INFODIR -> CALLE COMA . CIUDAD COMA PAIS
    (71) CIUDAD -> . t_ciudad DOSPUNTOS STRING

    t_ciudad        shift and go to state 68

    CIUDAD                         shift and go to state 87

state 78

    (19) INFODIR -> CIUDAD COMA . CALLE COMA PAIS
    (20) INFODIR -> CIUDAD COMA . PAIS COMA CALLE
    (70) CALLE -> . t_calle DOSPUNTOS STRING
    (72) PAIS -> . t_pais DOSPUNTOS STRING

    t_calle         shift and go to state 67
    t_pais          shift and go to state 69

    CALLE                          shift and go to state 88
    PAIS                           shift and go to state 89

state 79

    (21) INFODIR -> PAIS COMA . CALLE COMA CIUDAD
    (22) INFODIR -> PAIS COMA . CIUDAD COMA CALLE
    (70) CALLE -> . t_calle DOSPUNTOS STRING
    (71) CIUDAD -> . t_ciudad DOSPUNTOS STRING

    t_calle         shift and go to state 67
    t_ciudad        shift and go to state 68

    CALLE                          shift and go to state 90
    CIUDAD                         shift and go to state 91

state 80

    (70) CALLE -> t_calle DOSPUNTOS . STRING

    STRING          shift and go to state 92


state 81

    (71) CIUDAD -> t_ciudad DOSPUNTOS . STRING

    STRING          shift and go to state 93


state 82

    (72) PAIS -> t_pais DOSPUNTOS . STRING

    STRING          shift and go to state 94


state 83

    (12) INFO -> NOMBRE_E COMA FUNDACION COMA DIRECCION COMA INGRESOS_AN COMA PYME COMA . LINK COMA DEPARTAMENTOS
    (14) INFO -> NOMBRE_E COMA FUNDACION COMA DIRECCION COMA INGRESOS_AN COMA PYME COMA . DEPARTAMENTOS
    (75) LINK -> . t_link DOSPUNTOS LinkURL
    (76) LINK -> . t_link DOSPUNTOS VACIOS
    (23) DEPARTAMENTOS -> . t_departamentos DOSPUNTOS L_CORCHETE DEP R_CORCHETE

    t_link          shift and go to state 73
    t_departamentos shift and go to state 74

    LINK                           shift and go to state 95
    DEPARTAMENTOS                  shift and go to state 96

state 84

    (13) INFO -> NOMBRE_E COMA FUNDACION COMA INGRESOS_AN COMA PYME COMA LINK COMA . DEPARTAMENTOS
    (23) DEPARTAMENTOS -> . t_departamentos DOSPUNTOS L_CORCHETE DEP R_CORCHETE

    t_departamentos shift and go to state 74

    DEPARTAMENTOS                  shift and go to state 97

state 85

    (75) LINK -> t_link DOSPUNTOS . LinkURL
    (76) LINK -> t_link DOSPUNTOS . VACIOS
    (96) VACIOS -> . t_VACIOS

    LinkURL         shift and go to state 98
    t_VACIOS        shift and go to state 26

    VACIOS                         shift and go to state 99

state 86

    (23) DEPARTAMENTOS -> t_departamentos DOSPUNTOS . L_CORCHETE DEP R_CORCHETE

    L_CORCHETE      shift and go to state 100


state 87

    (18) INFODIR -> CALLE COMA CIUDAD . COMA PAIS

    COMA            shift and go to state 101


state 88

    (19) INFODIR -> CIUDAD COMA CALLE . COMA PAIS

    COMA            shift and go to state 102


state 89

    (20) INFODIR -> CIUDAD COMA PAIS . COMA CALLE

    COMA            shift and go to state 103


state 90

    (21) INFODIR -> PAIS COMA CALLE . COMA CIUDAD

    COMA            shift and go to state 104


state 91

    (22) INFODIR -> PAIS COMA CIUDAD . COMA CALLE

    COMA            shift and go to state 105


state 92

    (70) CALLE -> t_calle DOSPUNTOS STRING .

    COMA            reduce using rule 70 (CALLE -> t_calle DOSPUNTOS STRING .)
    R_LLAVE         reduce using rule 70 (CALLE -> t_calle DOSPUNTOS STRING .)


state 93

    (71) CIUDAD -> t_ciudad DOSPUNTOS STRING .

    COMA            reduce using rule 71 (CIUDAD -> t_ciudad DOSPUNTOS STRING .)
    R_LLAVE         reduce using rule 71 (CIUDAD -> t_ciudad DOSPUNTOS STRING .)


state 94

    (72) PAIS -> t_pais DOSPUNTOS STRING .

    COMA            reduce using rule 72 (PAIS -> t_pais DOSPUNTOS STRING .)
    R_LLAVE         reduce using rule 72 (PAIS -> t_pais DOSPUNTOS STRING .)


state 95

    (12) INFO -> NOMBRE_E COMA FUNDACION COMA DIRECCION COMA INGRESOS_AN COMA PYME COMA LINK . COMA DEPARTAMENTOS

    COMA            shift and go to state 106


state 96

    (14) INFO -> NOMBRE_E COMA FUNDACION COMA DIRECCION COMA INGRESOS_AN COMA PYME COMA DEPARTAMENTOS .

    R_LLAVE         reduce using rule 14 (INFO -> NOMBRE_E COMA FUNDACION COMA DIRECCION COMA INGRESOS_AN COMA PYME COMA DEPARTAMENTOS .)


state 97

    (13) INFO -> NOMBRE_E COMA FUNDACION COMA INGRESOS_AN COMA PYME COMA LINK COMA DEPARTAMENTOS .

    R_LLAVE         reduce using rule 13 (INFO -> NOMBRE_E COMA FUNDACION COMA INGRESOS_AN COMA PYME COMA LINK COMA DEPARTAMENTOS .)


state 98

    (75) LINK -> t_link DOSPUNTOS LinkURL .

    COMA            reduce using rule 75 (LINK -> t_link DOSPUNTOS LinkURL .)


state 99

    (76) LINK -> t_link DOSPUNTOS VACIOS .

    COMA            reduce using rule 76 (LINK -> t_link DOSPUNTOS VACIOS .)


state 100

    (23) DEPARTAMENTOS -> t_departamentos DOSPUNTOS L_CORCHETE . DEP R_CORCHETE
    (24) DEP -> . L_LLAVE INFODEP R_LLAVE
    (25) DEP -> . L_LLAVE INFODEP R_LLAVE COMA DEP

    L_LLAVE         shift and go to state 108

    DEP                            shift and go to state 107

state 101

    (18) INFODIR -> CALLE COMA CIUDAD COMA . PAIS
    (72) PAIS -> . t_pais DOSPUNTOS STRING

    t_pais          shift and go to state 69

    PAIS                           shift and go to state 109

state 102

    (19) INFODIR -> CIUDAD COMA CALLE COMA . PAIS
    (72) PAIS -> . t_pais DOSPUNTOS STRING

    t_pais          shift and go to state 69

    PAIS                           shift and go to state 110

state 103

    (20) INFODIR -> CIUDAD COMA PAIS COMA . CALLE
    (70) CALLE -> . t_calle DOSPUNTOS STRING

    t_calle         shift and go to state 67

    CALLE                          shift and go to state 111

state 104

    (21) INFODIR -> PAIS COMA CALLE COMA . CIUDAD
    (71) CIUDAD -> . t_ciudad DOSPUNTOS STRING

    t_ciudad        shift and go to state 68

    CIUDAD                         shift and go to state 112

state 105

    (22) INFODIR -> PAIS COMA CIUDAD COMA . CALLE
    (70) CALLE -> . t_calle DOSPUNTOS STRING

    t_calle         shift and go to state 67

    CALLE                          shift and go to state 113

state 106

    (12) INFO -> NOMBRE_E COMA FUNDACION COMA DIRECCION COMA INGRESOS_AN COMA PYME COMA LINK COMA . DEPARTAMENTOS
    (23) DEPARTAMENTOS -> . t_departamentos DOSPUNTOS L_CORCHETE DEP R_CORCHETE

    t_departamentos shift and go to state 74

    DEPARTAMENTOS                  shift and go to state 114

state 107

    (23) DEPARTAMENTOS -> t_departamentos DOSPUNTOS L_CORCHETE DEP . R_CORCHETE

    R_CORCHETE      shift and go to state 115


state 108

    (24) DEP -> L_LLAVE . INFODEP R_LLAVE
    (25) DEP -> L_LLAVE . INFODEP R_LLAVE COMA DEP
    (26) INFODEP -> . NOMBRE COMA JEFE COMA SUBDEPARTAMENTO
    (27) INFODEP -> . NOMBRE COMA SUBDEPARTAMENTO COMA JEFE
    (28) INFODEP -> . NOMBRE COMA SUBDEPARTAMENTO
    (29) INFODEP -> . SUBDEPARTAMENTO COMA NOMBRE
    (30) INFODEP -> . JEFE COMA NOMBRE COMA SUBDEPARTAMENTO
    (31) INFODEP -> . JEFE COMA SUBDEPARTAMENTO COMA NOMBRE
    (32) INFODEP -> . SUBDEPARTAMENTO COMA JEFE COMA NOMBRE
    (33) INFODEP -> . SUBDEPARTAMENTO COMA NOMBRE COMA JEFE
    (77) NOMBRE -> . t_nombre DOSPUNTOS STRING
    (34) SUBDEPARTAMENTO -> . t_subdepartamentos DOSPUNTOS L_CORCHETE SUBD R_CORCHETE
    (78) JEFE -> . t_jefe DOSPUNTOS STRING
    (79) JEFE -> . t_jefe DOSPUNTOS VACIOS

    t_nombre        shift and go to state 120
    t_subdepartamentos shift and go to state 121
    t_jefe          shift and go to state 122

    INFODEP                        shift and go to state 116
    NOMBRE                         shift and go to state 117
    JEFE                           shift and go to state 118
    SUBDEPARTAMENTO                shift and go to state 119

state 109

    (18) INFODIR -> CALLE COMA CIUDAD COMA PAIS .

    R_LLAVE         reduce using rule 18 (INFODIR -> CALLE COMA CIUDAD COMA PAIS .)


state 110

    (19) INFODIR -> CIUDAD COMA CALLE COMA PAIS .

    R_LLAVE         reduce using rule 19 (INFODIR -> CIUDAD COMA CALLE COMA PAIS .)


state 111

    (20) INFODIR -> CIUDAD COMA PAIS COMA CALLE .

    R_LLAVE         reduce using rule 20 (INFODIR -> CIUDAD COMA PAIS COMA CALLE .)


state 112

    (21) INFODIR -> PAIS COMA CALLE COMA CIUDAD .

    R_LLAVE         reduce using rule 21 (INFODIR -> PAIS COMA CALLE COMA CIUDAD .)


state 113

    (22) INFODIR -> PAIS COMA CIUDAD COMA CALLE .

    R_LLAVE         reduce using rule 22 (INFODIR -> PAIS COMA CIUDAD COMA CALLE .)


state 114

    (12) INFO -> NOMBRE_E COMA FUNDACION COMA DIRECCION COMA INGRESOS_AN COMA PYME COMA LINK COMA DEPARTAMENTOS .

    R_LLAVE         reduce using rule 12 (INFO -> NOMBRE_E COMA FUNDACION COMA DIRECCION COMA INGRESOS_AN COMA PYME COMA LINK COMA DEPARTAMENTOS .)


state 115

    (23) DEPARTAMENTOS -> t_departamentos DOSPUNTOS L_CORCHETE DEP R_CORCHETE .

    R_LLAVE         reduce using rule 23 (DEPARTAMENTOS -> t_departamentos DOSPUNTOS L_CORCHETE DEP R_CORCHETE .)


state 116

    (24) DEP -> L_LLAVE INFODEP . R_LLAVE
    (25) DEP -> L_LLAVE INFODEP . R_LLAVE COMA DEP

    R_LLAVE         shift and go to state 123


state 117

    (26) INFODEP -> NOMBRE . COMA JEFE COMA SUBDEPARTAMENTO
    (27) INFODEP -> NOMBRE . COMA SUBDEPARTAMENTO COMA JEFE
    (28) INFODEP -> NOMBRE . COMA SUBDEPARTAMENTO

    COMA            shift and go to state 124


state 118

    (30) INFODEP -> JEFE . COMA NOMBRE COMA SUBDEPARTAMENTO
    (31) INFODEP -> JEFE . COMA SUBDEPARTAMENTO COMA NOMBRE

    COMA            shift and go to state 125


state 119

    (29) INFODEP -> SUBDEPARTAMENTO . COMA NOMBRE
    (32) INFODEP -> SUBDEPARTAMENTO . COMA JEFE COMA NOMBRE
    (33) INFODEP -> SUBDEPARTAMENTO . COMA NOMBRE COMA JEFE

    COMA            shift and go to state 126


state 120

    (77) NOMBRE -> t_nombre . DOSPUNTOS STRING

    DOSPUNTOS       shift and go to state 127


state 121

    (34) SUBDEPARTAMENTO -> t_subdepartamentos . DOSPUNTOS L_CORCHETE SUBD R_CORCHETE

    DOSPUNTOS       shift and go to state 128


state 122

    (78) JEFE -> t_jefe . DOSPUNTOS STRING
    (79) JEFE -> t_jefe . DOSPUNTOS VACIOS

    DOSPUNTOS       shift and go to state 129


state 123

    (24) DEP -> L_LLAVE INFODEP R_LLAVE .
    (25) DEP -> L_LLAVE INFODEP R_LLAVE . COMA DEP

    R_CORCHETE      reduce using rule 24 (DEP -> L_LLAVE INFODEP R_LLAVE .)
    COMA            shift and go to state 130


state 124

    (26) INFODEP -> NOMBRE COMA . JEFE COMA SUBDEPARTAMENTO
    (27) INFODEP -> NOMBRE COMA . SUBDEPARTAMENTO COMA JEFE
    (28) INFODEP -> NOMBRE COMA . SUBDEPARTAMENTO
    (78) JEFE -> . t_jefe DOSPUNTOS STRING
    (79) JEFE -> . t_jefe DOSPUNTOS VACIOS
    (34) SUBDEPARTAMENTO -> . t_subdepartamentos DOSPUNTOS L_CORCHETE SUBD R_CORCHETE

    t_jefe          shift and go to state 122
    t_subdepartamentos shift and go to state 121

    JEFE                           shift and go to state 131
    SUBDEPARTAMENTO                shift and go to state 132

state 125

    (30) INFODEP -> JEFE COMA . NOMBRE COMA SUBDEPARTAMENTO
    (31) INFODEP -> JEFE COMA . SUBDEPARTAMENTO COMA NOMBRE
    (77) NOMBRE -> . t_nombre DOSPUNTOS STRING
    (34) SUBDEPARTAMENTO -> . t_subdepartamentos DOSPUNTOS L_CORCHETE SUBD R_CORCHETE

    t_nombre        shift and go to state 120
    t_subdepartamentos shift and go to state 121

    NOMBRE                         shift and go to state 133
    SUBDEPARTAMENTO                shift and go to state 134

state 126

    (29) INFODEP -> SUBDEPARTAMENTO COMA . NOMBRE
    (32) INFODEP -> SUBDEPARTAMENTO COMA . JEFE COMA NOMBRE
    (33) INFODEP -> SUBDEPARTAMENTO COMA . NOMBRE COMA JEFE
    (77) NOMBRE -> . t_nombre DOSPUNTOS STRING
    (78) JEFE -> . t_jefe DOSPUNTOS STRING
    (79) JEFE -> . t_jefe DOSPUNTOS VACIOS

    t_nombre        shift and go to state 120
    t_jefe          shift and go to state 122

    NOMBRE                         shift and go to state 135
    JEFE                           shift and go to state 136

state 127

    (77) NOMBRE -> t_nombre DOSPUNTOS . STRING

    STRING          shift and go to state 137


state 128

    (34) SUBDEPARTAMENTO -> t_subdepartamentos DOSPUNTOS . L_CORCHETE SUBD R_CORCHETE

    L_CORCHETE      shift and go to state 138


state 129

    (78) JEFE -> t_jefe DOSPUNTOS . STRING
    (79) JEFE -> t_jefe DOSPUNTOS . VACIOS
    (96) VACIOS -> . t_VACIOS

    STRING          shift and go to state 139
    t_VACIOS        shift and go to state 26

    VACIOS                         shift and go to state 140

state 130

    (25) DEP -> L_LLAVE INFODEP R_LLAVE COMA . DEP
    (24) DEP -> . L_LLAVE INFODEP R_LLAVE
    (25) DEP -> . L_LLAVE INFODEP R_LLAVE COMA DEP

    L_LLAVE         shift and go to state 108

    DEP                            shift and go to state 141

state 131

    (26) INFODEP -> NOMBRE COMA JEFE . COMA SUBDEPARTAMENTO

    COMA            shift and go to state 142


state 132

    (27) INFODEP -> NOMBRE COMA SUBDEPARTAMENTO . COMA JEFE
    (28) INFODEP -> NOMBRE COMA SUBDEPARTAMENTO .

    COMA            shift and go to state 143
    R_LLAVE         reduce using rule 28 (INFODEP -> NOMBRE COMA SUBDEPARTAMENTO .)


state 133

    (30) INFODEP -> JEFE COMA NOMBRE . COMA SUBDEPARTAMENTO

    COMA            shift and go to state 144


state 134

    (31) INFODEP -> JEFE COMA SUBDEPARTAMENTO . COMA NOMBRE

    COMA            shift and go to state 145


state 135

    (29) INFODEP -> SUBDEPARTAMENTO COMA NOMBRE .
    (33) INFODEP -> SUBDEPARTAMENTO COMA NOMBRE . COMA JEFE

    R_LLAVE         reduce using rule 29 (INFODEP -> SUBDEPARTAMENTO COMA NOMBRE .)
    COMA            shift and go to state 146


state 136

    (32) INFODEP -> SUBDEPARTAMENTO COMA JEFE . COMA NOMBRE

    COMA            shift and go to state 147


state 137

    (77) NOMBRE -> t_nombre DOSPUNTOS STRING .

    COMA            reduce using rule 77 (NOMBRE -> t_nombre DOSPUNTOS STRING .)
    R_LLAVE         reduce using rule 77 (NOMBRE -> t_nombre DOSPUNTOS STRING .)


state 138

    (34) SUBDEPARTAMENTO -> t_subdepartamentos DOSPUNTOS L_CORCHETE . SUBD R_CORCHETE
    (35) SUBD -> . L_LLAVE INFOSUBD R_LLAVE
    (36) SUBD -> . L_LLAVE INFOSUBD R_LLAVE COMA SUBD

    L_LLAVE         shift and go to state 149

    SUBD                           shift and go to state 148

state 139

    (78) JEFE -> t_jefe DOSPUNTOS STRING .

    COMA            reduce using rule 78 (JEFE -> t_jefe DOSPUNTOS STRING .)
    R_LLAVE         reduce using rule 78 (JEFE -> t_jefe DOSPUNTOS STRING .)


state 140

    (79) JEFE -> t_jefe DOSPUNTOS VACIOS .

    COMA            reduce using rule 79 (JEFE -> t_jefe DOSPUNTOS VACIOS .)
    R_LLAVE         reduce using rule 79 (JEFE -> t_jefe DOSPUNTOS VACIOS .)


state 141

    (25) DEP -> L_LLAVE INFODEP R_LLAVE COMA DEP .

    R_CORCHETE      reduce using rule 25 (DEP -> L_LLAVE INFODEP R_LLAVE COMA DEP .)


state 142

    (26) INFODEP -> NOMBRE COMA JEFE COMA . SUBDEPARTAMENTO
    (34) SUBDEPARTAMENTO -> . t_subdepartamentos DOSPUNTOS L_CORCHETE SUBD R_CORCHETE

    t_subdepartamentos shift and go to state 121

    SUBDEPARTAMENTO                shift and go to state 150

state 143

    (27) INFODEP -> NOMBRE COMA SUBDEPARTAMENTO COMA . JEFE
    (78) JEFE -> . t_jefe DOSPUNTOS STRING
    (79) JEFE -> . t_jefe DOSPUNTOS VACIOS

    t_jefe          shift and go to state 122

    JEFE                           shift and go to state 151

state 144

    (30) INFODEP -> JEFE COMA NOMBRE COMA . SUBDEPARTAMENTO
    (34) SUBDEPARTAMENTO -> . t_subdepartamentos DOSPUNTOS L_CORCHETE SUBD R_CORCHETE

    t_subdepartamentos shift and go to state 121

    SUBDEPARTAMENTO                shift and go to state 152

state 145

    (31) INFODEP -> JEFE COMA SUBDEPARTAMENTO COMA . NOMBRE
    (77) NOMBRE -> . t_nombre DOSPUNTOS STRING

    t_nombre        shift and go to state 120

    NOMBRE                         shift and go to state 153

state 146

    (33) INFODEP -> SUBDEPARTAMENTO COMA NOMBRE COMA . JEFE
    (78) JEFE -> . t_jefe DOSPUNTOS STRING
    (79) JEFE -> . t_jefe DOSPUNTOS VACIOS

    t_jefe          shift and go to state 122

    JEFE                           shift and go to state 154

state 147

    (32) INFODEP -> SUBDEPARTAMENTO COMA JEFE COMA . NOMBRE
    (77) NOMBRE -> . t_nombre DOSPUNTOS STRING

    t_nombre        shift and go to state 120

    NOMBRE                         shift and go to state 155

state 148

    (34) SUBDEPARTAMENTO -> t_subdepartamentos DOSPUNTOS L_CORCHETE SUBD . R_CORCHETE

    R_CORCHETE      shift and go to state 156


state 149

    (35) SUBD -> L_LLAVE . INFOSUBD R_LLAVE
    (36) SUBD -> L_LLAVE . INFOSUBD R_LLAVE COMA SUBD
    (37) INFOSUBD -> . NOMBRE COMA JEFE COMA EMPLEADOS
    (38) INFOSUBD -> . NOMBRE COMA EMPLEADOS COMA JEFE
    (39) INFOSUBD -> . JEFE COMA NOMBRE COMA EMPLEADOS
    (40) INFOSUBD -> . JEFE COMA EMPLEADOS COMA NOMBRE
    (41) INFOSUBD -> . EMPLEADOS COMA NOMBRE COMA JEFE
    (42) INFOSUBD -> . EMPLEADOS COMA JEFE COMA NOMBRE
    (43) INFOSUBD -> . NOMBRE COMA JEFE
    (44) INFOSUBD -> . NOMBRE COMA EMPLEADOS
    (45) INFOSUBD -> . JEFE COMA NOMBRE
    (46) INFOSUBD -> . EMPLEADOS COMA NOMBRE
    (47) INFOSUBD -> . NOMBRE
    (77) NOMBRE -> . t_nombre DOSPUNTOS STRING
    (78) JEFE -> . t_jefe DOSPUNTOS STRING
    (79) JEFE -> . t_jefe DOSPUNTOS VACIOS
    (48) EMPLEADOS -> . t_empleados DOSPUNTOS L_CORCHETE EMP R_CORCHETE
    (49) EMPLEADOS -> . t_empleados DOSPUNTOS VACIOS

    t_nombre        shift and go to state 120
    t_jefe          shift and go to state 122
    t_empleados     shift and go to state 161

    INFOSUBD                       shift and go to state 157
    NOMBRE                         shift and go to state 158
    JEFE                           shift and go to state 159
    EMPLEADOS                      shift and go to state 160

state 150

    (26) INFODEP -> NOMBRE COMA JEFE COMA SUBDEPARTAMENTO .

    R_LLAVE         reduce using rule 26 (INFODEP -> NOMBRE COMA JEFE COMA SUBDEPARTAMENTO .)


state 151

    (27) INFODEP -> NOMBRE COMA SUBDEPARTAMENTO COMA JEFE .

    R_LLAVE         reduce using rule 27 (INFODEP -> NOMBRE COMA SUBDEPARTAMENTO COMA JEFE .)


state 152

    (30) INFODEP -> JEFE COMA NOMBRE COMA SUBDEPARTAMENTO .

    R_LLAVE         reduce using rule 30 (INFODEP -> JEFE COMA NOMBRE COMA SUBDEPARTAMENTO .)


state 153

    (31) INFODEP -> JEFE COMA SUBDEPARTAMENTO COMA NOMBRE .

    R_LLAVE         reduce using rule 31 (INFODEP -> JEFE COMA SUBDEPARTAMENTO COMA NOMBRE .)


state 154

    (33) INFODEP -> SUBDEPARTAMENTO COMA NOMBRE COMA JEFE .

    R_LLAVE         reduce using rule 33 (INFODEP -> SUBDEPARTAMENTO COMA NOMBRE COMA JEFE .)


state 155

    (32) INFODEP -> SUBDEPARTAMENTO COMA JEFE COMA NOMBRE .

    R_LLAVE         reduce using rule 32 (INFODEP -> SUBDEPARTAMENTO COMA JEFE COMA NOMBRE .)


state 156

    (34) SUBDEPARTAMENTO -> t_subdepartamentos DOSPUNTOS L_CORCHETE SUBD R_CORCHETE .

    COMA            reduce using rule 34 (SUBDEPARTAMENTO -> t_subdepartamentos DOSPUNTOS L_CORCHETE SUBD R_CORCHETE .)
    R_LLAVE         reduce using rule 34 (SUBDEPARTAMENTO -> t_subdepartamentos DOSPUNTOS L_CORCHETE SUBD R_CORCHETE .)


state 157

    (35) SUBD -> L_LLAVE INFOSUBD . R_LLAVE
    (36) SUBD -> L_LLAVE INFOSUBD . R_LLAVE COMA SUBD

    R_LLAVE         shift and go to state 162


state 158

    (37) INFOSUBD -> NOMBRE . COMA JEFE COMA EMPLEADOS
    (38) INFOSUBD -> NOMBRE . COMA EMPLEADOS COMA JEFE
    (43) INFOSUBD -> NOMBRE . COMA JEFE
    (44) INFOSUBD -> NOMBRE . COMA EMPLEADOS
    (47) INFOSUBD -> NOMBRE .

    COMA            shift and go to state 163
    R_LLAVE         reduce using rule 47 (INFOSUBD -> NOMBRE .)


state 159

    (39) INFOSUBD -> JEFE . COMA NOMBRE COMA EMPLEADOS
    (40) INFOSUBD -> JEFE . COMA EMPLEADOS COMA NOMBRE
    (45) INFOSUBD -> JEFE . COMA NOMBRE

    COMA            shift and go to state 164


state 160

    (41) INFOSUBD -> EMPLEADOS . COMA NOMBRE COMA JEFE
    (42) INFOSUBD -> EMPLEADOS . COMA JEFE COMA NOMBRE
    (46) INFOSUBD -> EMPLEADOS . COMA NOMBRE

    COMA            shift and go to state 165


state 161

    (48) EMPLEADOS -> t_empleados . DOSPUNTOS L_CORCHETE EMP R_CORCHETE
    (49) EMPLEADOS -> t_empleados . DOSPUNTOS VACIOS

    DOSPUNTOS       shift and go to state 166


state 162

    (35) SUBD -> L_LLAVE INFOSUBD R_LLAVE .
    (36) SUBD -> L_LLAVE INFOSUBD R_LLAVE . COMA SUBD

    R_CORCHETE      reduce using rule 35 (SUBD -> L_LLAVE INFOSUBD R_LLAVE .)
    COMA            shift and go to state 167


state 163

    (37) INFOSUBD -> NOMBRE COMA . JEFE COMA EMPLEADOS
    (38) INFOSUBD -> NOMBRE COMA . EMPLEADOS COMA JEFE
    (43) INFOSUBD -> NOMBRE COMA . JEFE
    (44) INFOSUBD -> NOMBRE COMA . EMPLEADOS
    (78) JEFE -> . t_jefe DOSPUNTOS STRING
    (79) JEFE -> . t_jefe DOSPUNTOS VACIOS
    (48) EMPLEADOS -> . t_empleados DOSPUNTOS L_CORCHETE EMP R_CORCHETE
    (49) EMPLEADOS -> . t_empleados DOSPUNTOS VACIOS

    t_jefe          shift and go to state 122
    t_empleados     shift and go to state 161

    JEFE                           shift and go to state 168
    EMPLEADOS                      shift and go to state 169

state 164

    (39) INFOSUBD -> JEFE COMA . NOMBRE COMA EMPLEADOS
    (40) INFOSUBD -> JEFE COMA . EMPLEADOS COMA NOMBRE
    (45) INFOSUBD -> JEFE COMA . NOMBRE
    (77) NOMBRE -> . t_nombre DOSPUNTOS STRING
    (48) EMPLEADOS -> . t_empleados DOSPUNTOS L_CORCHETE EMP R_CORCHETE
    (49) EMPLEADOS -> . t_empleados DOSPUNTOS VACIOS

    t_nombre        shift and go to state 120
    t_empleados     shift and go to state 161

    NOMBRE                         shift and go to state 170
    EMPLEADOS                      shift and go to state 171

state 165

    (41) INFOSUBD -> EMPLEADOS COMA . NOMBRE COMA JEFE
    (42) INFOSUBD -> EMPLEADOS COMA . JEFE COMA NOMBRE
    (46) INFOSUBD -> EMPLEADOS COMA . NOMBRE
    (77) NOMBRE -> . t_nombre DOSPUNTOS STRING
    (78) JEFE -> . t_jefe DOSPUNTOS STRING
    (79) JEFE -> . t_jefe DOSPUNTOS VACIOS

    t_nombre        shift and go to state 120
    t_jefe          shift and go to state 122

    NOMBRE                         shift and go to state 172
    JEFE                           shift and go to state 173

state 166

    (48) EMPLEADOS -> t_empleados DOSPUNTOS . L_CORCHETE EMP R_CORCHETE
    (49) EMPLEADOS -> t_empleados DOSPUNTOS . VACIOS
    (96) VACIOS -> . t_VACIOS

    L_CORCHETE      shift and go to state 174
    t_VACIOS        shift and go to state 26

    VACIOS                         shift and go to state 175

state 167

    (36) SUBD -> L_LLAVE INFOSUBD R_LLAVE COMA . SUBD
    (35) SUBD -> . L_LLAVE INFOSUBD R_LLAVE
    (36) SUBD -> . L_LLAVE INFOSUBD R_LLAVE COMA SUBD

    L_LLAVE         shift and go to state 149

    SUBD                           shift and go to state 176

state 168

    (37) INFOSUBD -> NOMBRE COMA JEFE . COMA EMPLEADOS
    (43) INFOSUBD -> NOMBRE COMA JEFE .

    COMA            shift and go to state 177
    R_LLAVE         reduce using rule 43 (INFOSUBD -> NOMBRE COMA JEFE .)


state 169

    (38) INFOSUBD -> NOMBRE COMA EMPLEADOS . COMA JEFE
    (44) INFOSUBD -> NOMBRE COMA EMPLEADOS .

    COMA            shift and go to state 178
    R_LLAVE         reduce using rule 44 (INFOSUBD -> NOMBRE COMA EMPLEADOS .)


state 170

    (39) INFOSUBD -> JEFE COMA NOMBRE . COMA EMPLEADOS
    (45) INFOSUBD -> JEFE COMA NOMBRE .

    COMA            shift and go to state 179
    R_LLAVE         reduce using rule 45 (INFOSUBD -> JEFE COMA NOMBRE .)


state 171

    (40) INFOSUBD -> JEFE COMA EMPLEADOS . COMA NOMBRE

    COMA            shift and go to state 180


state 172

    (41) INFOSUBD -> EMPLEADOS COMA NOMBRE . COMA JEFE
    (46) INFOSUBD -> EMPLEADOS COMA NOMBRE .

    COMA            shift and go to state 181
    R_LLAVE         reduce using rule 46 (INFOSUBD -> EMPLEADOS COMA NOMBRE .)


state 173

    (42) INFOSUBD -> EMPLEADOS COMA JEFE . COMA NOMBRE

    COMA            shift and go to state 182


state 174

    (48) EMPLEADOS -> t_empleados DOSPUNTOS L_CORCHETE . EMP R_CORCHETE
    (50) EMP -> . L_LLAVE NOMBRE COMA EDAD COMA CARGO COMA SALARIO COMA ACTIVO COMA FECHA_CON COMA PROYECTOS R_LLAVE
    (51) EMP -> . L_LLAVE NOMBRE COMA EDAD COMA CARGO COMA SALARIO COMA ACTIVO COMA FECHA_CON COMA PROYECTOS R_LLAVE COMA EMP
    (52) EMP -> . L_LLAVE NOMBRE COMA CARGO COMA SALARIO COMA ACTIVO COMA FECHA_CON COMA PROYECTOS R_LLAVE
    (53) EMP -> . L_LLAVE NOMBRE COMA CARGO COMA SALARIO COMA ACTIVO COMA FECHA_CON COMA PROYECTOS R_LLAVE COMA EMP
    (54) EMP -> . L_LLAVE NOMBRE COMA CARGO COMA SALARIO COMA ACTIVO COMA FECHA_CON R_LLAVE
    (55) EMP -> . L_LLAVE NOMBRE COMA CARGO COMA SALARIO COMA ACTIVO COMA FECHA_CON R_LLAVE COMA EMP
    (56) EMP -> . L_LLAVE NOMBRE COMA EDAD COMA CARGO COMA SALARIO COMA ACTIVO COMA FECHA_CON R_LLAVE
    (57) EMP -> . L_LLAVE NOMBRE COMA EDAD COMA CARGO COMA SALARIO COMA ACTIVO COMA FECHA_CON R_LLAVE COMA EMP

    L_LLAVE         shift and go to state 184

    EMP                            shift and go to state 183

state 175

    (49) EMPLEADOS -> t_empleados DOSPUNTOS VACIOS .

    COMA            reduce using rule 49 (EMPLEADOS -> t_empleados DOSPUNTOS VACIOS .)
    R_LLAVE         reduce using rule 49 (EMPLEADOS -> t_empleados DOSPUNTOS VACIOS .)


state 176

    (36) SUBD -> L_LLAVE INFOSUBD R_LLAVE COMA SUBD .

    R_CORCHETE      reduce using rule 36 (SUBD -> L_LLAVE INFOSUBD R_LLAVE COMA SUBD .)


state 177

    (37) INFOSUBD -> NOMBRE COMA JEFE COMA . EMPLEADOS
    (48) EMPLEADOS -> . t_empleados DOSPUNTOS L_CORCHETE EMP R_CORCHETE
    (49) EMPLEADOS -> . t_empleados DOSPUNTOS VACIOS

    t_empleados     shift and go to state 161

    EMPLEADOS                      shift and go to state 185

state 178

    (38) INFOSUBD -> NOMBRE COMA EMPLEADOS COMA . JEFE
    (78) JEFE -> . t_jefe DOSPUNTOS STRING
    (79) JEFE -> . t_jefe DOSPUNTOS VACIOS

    t_jefe          shift and go to state 122

    JEFE                           shift and go to state 186

state 179

    (39) INFOSUBD -> JEFE COMA NOMBRE COMA . EMPLEADOS
    (48) EMPLEADOS -> . t_empleados DOSPUNTOS L_CORCHETE EMP R_CORCHETE
    (49) EMPLEADOS -> . t_empleados DOSPUNTOS VACIOS

    t_empleados     shift and go to state 161

    EMPLEADOS                      shift and go to state 187

state 180

    (40) INFOSUBD -> JEFE COMA EMPLEADOS COMA . NOMBRE
    (77) NOMBRE -> . t_nombre DOSPUNTOS STRING

    t_nombre        shift and go to state 120

    NOMBRE                         shift and go to state 188

state 181

    (41) INFOSUBD -> EMPLEADOS COMA NOMBRE COMA . JEFE
    (78) JEFE -> . t_jefe DOSPUNTOS STRING
    (79) JEFE -> . t_jefe DOSPUNTOS VACIOS

    t_jefe          shift and go to state 122

    JEFE                           shift and go to state 189

state 182

    (42) INFOSUBD -> EMPLEADOS COMA JEFE COMA . NOMBRE
    (77) NOMBRE -> . t_nombre DOSPUNTOS STRING

    t_nombre        shift and go to state 120

    NOMBRE                         shift and go to state 190

state 183

    (48) EMPLEADOS -> t_empleados DOSPUNTOS L_CORCHETE EMP . R_CORCHETE

    R_CORCHETE      shift and go to state 191


state 184

    (50) EMP -> L_LLAVE . NOMBRE COMA EDAD COMA CARGO COMA SALARIO COMA ACTIVO COMA FECHA_CON COMA PROYECTOS R_LLAVE
    (51) EMP -> L_LLAVE . NOMBRE COMA EDAD COMA CARGO COMA SALARIO COMA ACTIVO COMA FECHA_CON COMA PROYECTOS R_LLAVE COMA EMP
    (52) EMP -> L_LLAVE . NOMBRE COMA CARGO COMA SALARIO COMA ACTIVO COMA FECHA_CON COMA PROYECTOS R_LLAVE
    (53) EMP -> L_LLAVE . NOMBRE COMA CARGO COMA SALARIO COMA ACTIVO COMA FECHA_CON COMA PROYECTOS R_LLAVE COMA EMP
    (54) EMP -> L_LLAVE . NOMBRE COMA CARGO COMA SALARIO COMA ACTIVO COMA FECHA_CON R_LLAVE
    (55) EMP -> L_LLAVE . NOMBRE COMA CARGO COMA SALARIO COMA ACTIVO COMA FECHA_CON R_LLAVE COMA EMP
    (56) EMP -> L_LLAVE . NOMBRE COMA EDAD COMA CARGO COMA SALARIO COMA ACTIVO COMA FECHA_CON R_LLAVE
    (57) EMP -> L_LLAVE . NOMBRE COMA EDAD COMA CARGO COMA SALARIO COMA ACTIVO COMA FECHA_CON R_LLAVE COMA EMP
    (77) NOMBRE -> . t_nombre DOSPUNTOS STRING

    t_nombre        shift and go to state 120

    NOMBRE                         shift and go to state 192

state 185

    (37) INFOSUBD -> NOMBRE COMA JEFE COMA EMPLEADOS .

    R_LLAVE         reduce using rule 37 (INFOSUBD -> NOMBRE COMA JEFE COMA EMPLEADOS .)


state 186

    (38) INFOSUBD -> NOMBRE COMA EMPLEADOS COMA JEFE .

    R_LLAVE         reduce using rule 38 (INFOSUBD -> NOMBRE COMA EMPLEADOS COMA JEFE .)


state 187

    (39) INFOSUBD -> JEFE COMA NOMBRE COMA EMPLEADOS .

    R_LLAVE         reduce using rule 39 (INFOSUBD -> JEFE COMA NOMBRE COMA EMPLEADOS .)


state 188

    (40) INFOSUBD -> JEFE COMA EMPLEADOS COMA NOMBRE .

    R_LLAVE         reduce using rule 40 (INFOSUBD -> JEFE COMA EMPLEADOS COMA NOMBRE .)


state 189

    (41) INFOSUBD -> EMPLEADOS COMA NOMBRE COMA JEFE .

    R_LLAVE         reduce using rule 41 (INFOSUBD -> EMPLEADOS COMA NOMBRE COMA JEFE .)


state 190

    (42) INFOSUBD -> EMPLEADOS COMA JEFE COMA NOMBRE .

    R_LLAVE         reduce using rule 42 (INFOSUBD -> EMPLEADOS COMA JEFE COMA NOMBRE .)


state 191

    (48) EMPLEADOS -> t_empleados DOSPUNTOS L_CORCHETE EMP R_CORCHETE .

    COMA            reduce using rule 48 (EMPLEADOS -> t_empleados DOSPUNTOS L_CORCHETE EMP R_CORCHETE .)
    R_LLAVE         reduce using rule 48 (EMPLEADOS -> t_empleados DOSPUNTOS L_CORCHETE EMP R_CORCHETE .)


state 192

    (50) EMP -> L_LLAVE NOMBRE . COMA EDAD COMA CARGO COMA SALARIO COMA ACTIVO COMA FECHA_CON COMA PROYECTOS R_LLAVE
    (51) EMP -> L_LLAVE NOMBRE . COMA EDAD COMA CARGO COMA SALARIO COMA ACTIVO COMA FECHA_CON COMA PROYECTOS R_LLAVE COMA EMP
    (52) EMP -> L_LLAVE NOMBRE . COMA CARGO COMA SALARIO COMA ACTIVO COMA FECHA_CON COMA PROYECTOS R_LLAVE
    (53) EMP -> L_LLAVE NOMBRE . COMA CARGO COMA SALARIO COMA ACTIVO COMA FECHA_CON COMA PROYECTOS R_LLAVE COMA EMP
    (54) EMP -> L_LLAVE NOMBRE . COMA CARGO COMA SALARIO COMA ACTIVO COMA FECHA_CON R_LLAVE
    (55) EMP -> L_LLAVE NOMBRE . COMA CARGO COMA SALARIO COMA ACTIVO COMA FECHA_CON R_LLAVE COMA EMP
    (56) EMP -> L_LLAVE NOMBRE . COMA EDAD COMA CARGO COMA SALARIO COMA ACTIVO COMA FECHA_CON R_LLAVE
    (57) EMP -> L_LLAVE NOMBRE . COMA EDAD COMA CARGO COMA SALARIO COMA ACTIVO COMA FECHA_CON R_LLAVE COMA EMP

    COMA            shift and go to state 193


state 193

    (50) EMP -> L_LLAVE NOMBRE COMA . EDAD COMA CARGO COMA SALARIO COMA ACTIVO COMA FECHA_CON COMA PROYECTOS R_LLAVE
    (51) EMP -> L_LLAVE NOMBRE COMA . EDAD COMA CARGO COMA SALARIO COMA ACTIVO COMA FECHA_CON COMA PROYECTOS R_LLAVE COMA EMP
    (52) EMP -> L_LLAVE NOMBRE COMA . CARGO COMA SALARIO COMA ACTIVO COMA FECHA_CON COMA PROYECTOS R_LLAVE
    (53) EMP -> L_LLAVE NOMBRE COMA . CARGO COMA SALARIO COMA ACTIVO COMA FECHA_CON COMA PROYECTOS R_LLAVE COMA EMP
    (54) EMP -> L_LLAVE NOMBRE COMA . CARGO COMA SALARIO COMA ACTIVO COMA FECHA_CON R_LLAVE
    (55) EMP -> L_LLAVE NOMBRE COMA . CARGO COMA SALARIO COMA ACTIVO COMA FECHA_CON R_LLAVE COMA EMP
    (56) EMP -> L_LLAVE NOMBRE COMA . EDAD COMA CARGO COMA SALARIO COMA ACTIVO COMA FECHA_CON R_LLAVE
    (57) EMP -> L_LLAVE NOMBRE COMA . EDAD COMA CARGO COMA SALARIO COMA ACTIVO COMA FECHA_CON R_LLAVE COMA EMP
    (80) EDAD -> . t_edad DOSPUNTOS INTEGER
    (81) EDAD -> . t_edad DOSPUNTOS VACIOS
    (82) CARGO -> . t_cargo DOSPUNTOS POSIBLE_CARGO

    t_edad          shift and go to state 196
    t_cargo         shift and go to state 197

    EDAD                           shift and go to state 194
    CARGO                          shift and go to state 195

state 194

    (50) EMP -> L_LLAVE NOMBRE COMA EDAD . COMA CARGO COMA SALARIO COMA ACTIVO COMA FECHA_CON COMA PROYECTOS R_LLAVE
    (51) EMP -> L_LLAVE NOMBRE COMA EDAD . COMA CARGO COMA SALARIO COMA ACTIVO COMA FECHA_CON COMA PROYECTOS R_LLAVE COMA EMP
    (56) EMP -> L_LLAVE NOMBRE COMA EDAD . COMA CARGO COMA SALARIO COMA ACTIVO COMA FECHA_CON R_LLAVE
    (57) EMP -> L_LLAVE NOMBRE COMA EDAD . COMA CARGO COMA SALARIO COMA ACTIVO COMA FECHA_CON R_LLAVE COMA EMP

    COMA            shift and go to state 198


state 195

    (52) EMP -> L_LLAVE NOMBRE COMA CARGO . COMA SALARIO COMA ACTIVO COMA FECHA_CON COMA PROYECTOS R_LLAVE
    (53) EMP -> L_LLAVE NOMBRE COMA CARGO . COMA SALARIO COMA ACTIVO COMA FECHA_CON COMA PROYECTOS R_LLAVE COMA EMP
    (54) EMP -> L_LLAVE NOMBRE COMA CARGO . COMA SALARIO COMA ACTIVO COMA FECHA_CON R_LLAVE
    (55) EMP -> L_LLAVE NOMBRE COMA CARGO . COMA SALARIO COMA ACTIVO COMA FECHA_CON R_LLAVE COMA EMP

    COMA            shift and go to state 199


state 196

    (80) EDAD -> t_edad . DOSPUNTOS INTEGER
    (81) EDAD -> t_edad . DOSPUNTOS VACIOS

    DOSPUNTOS       shift and go to state 200


state 197

    (82) CARGO -> t_cargo . DOSPUNTOS POSIBLE_CARGO

    DOSPUNTOS       shift and go to state 201


state 198

    (50) EMP -> L_LLAVE NOMBRE COMA EDAD COMA . CARGO COMA SALARIO COMA ACTIVO COMA FECHA_CON COMA PROYECTOS R_LLAVE
    (51) EMP -> L_LLAVE NOMBRE COMA EDAD COMA . CARGO COMA SALARIO COMA ACTIVO COMA FECHA_CON COMA PROYECTOS R_LLAVE COMA EMP
    (56) EMP -> L_LLAVE NOMBRE COMA EDAD COMA . CARGO COMA SALARIO COMA ACTIVO COMA FECHA_CON R_LLAVE
    (57) EMP -> L_LLAVE NOMBRE COMA EDAD COMA . CARGO COMA SALARIO COMA ACTIVO COMA FECHA_CON R_LLAVE COMA EMP
    (82) CARGO -> . t_cargo DOSPUNTOS POSIBLE_CARGO

    t_cargo         shift and go to state 197

    CARGO                          shift and go to state 202

state 199

    (52) EMP -> L_LLAVE NOMBRE COMA CARGO COMA . SALARIO COMA ACTIVO COMA FECHA_CON COMA PROYECTOS R_LLAVE
    (53) EMP -> L_LLAVE NOMBRE COMA CARGO COMA . SALARIO COMA ACTIVO COMA FECHA_CON COMA PROYECTOS R_LLAVE COMA EMP
    (54) EMP -> L_LLAVE NOMBRE COMA CARGO COMA . SALARIO COMA ACTIVO COMA FECHA_CON R_LLAVE
    (55) EMP -> L_LLAVE NOMBRE COMA CARGO COMA . SALARIO COMA ACTIVO COMA FECHA_CON R_LLAVE COMA EMP
    (83) SALARIO -> . t_salario DOSPUNTOS INTEGER
    (84) SALARIO -> . t_salario DOSPUNTOS FLOAT

    t_salario       shift and go to state 204

    SALARIO                        shift and go to state 203

state 200

    (80) EDAD -> t_edad DOSPUNTOS . INTEGER
    (81) EDAD -> t_edad DOSPUNTOS . VACIOS
    (96) VACIOS -> . t_VACIOS

    INTEGER         shift and go to state 205
    t_VACIOS        shift and go to state 26

    VACIOS                         shift and go to state 206

state 201

    (82) CARGO -> t_cargo DOSPUNTOS . POSIBLE_CARGO

    POSIBLE_CARGO   shift and go to state 207


state 202

    (50) EMP -> L_LLAVE NOMBRE COMA EDAD COMA CARGO . COMA SALARIO COMA ACTIVO COMA FECHA_CON COMA PROYECTOS R_LLAVE
    (51) EMP -> L_LLAVE NOMBRE COMA EDAD COMA CARGO . COMA SALARIO COMA ACTIVO COMA FECHA_CON COMA PROYECTOS R_LLAVE COMA EMP
    (56) EMP -> L_LLAVE NOMBRE COMA EDAD COMA CARGO . COMA SALARIO COMA ACTIVO COMA FECHA_CON R_LLAVE
    (57) EMP -> L_LLAVE NOMBRE COMA EDAD COMA CARGO . COMA SALARIO COMA ACTIVO COMA FECHA_CON R_LLAVE COMA EMP

    COMA            shift and go to state 208


state 203

    (52) EMP -> L_LLAVE NOMBRE COMA CARGO COMA SALARIO . COMA ACTIVO COMA FECHA_CON COMA PROYECTOS R_LLAVE
    (53) EMP -> L_LLAVE NOMBRE COMA CARGO COMA SALARIO . COMA ACTIVO COMA FECHA_CON COMA PROYECTOS R_LLAVE COMA EMP
    (54) EMP -> L_LLAVE NOMBRE COMA CARGO COMA SALARIO . COMA ACTIVO COMA FECHA_CON R_LLAVE
    (55) EMP -> L_LLAVE NOMBRE COMA CARGO COMA SALARIO . COMA ACTIVO COMA FECHA_CON R_LLAVE COMA EMP

    COMA            shift and go to state 209


state 204

    (83) SALARIO -> t_salario . DOSPUNTOS INTEGER
    (84) SALARIO -> t_salario . DOSPUNTOS FLOAT

    DOSPUNTOS       shift and go to state 210


state 205

    (80) EDAD -> t_edad DOSPUNTOS INTEGER .

    COMA            reduce using rule 80 (EDAD -> t_edad DOSPUNTOS INTEGER .)


state 206

    (81) EDAD -> t_edad DOSPUNTOS VACIOS .

    COMA            reduce using rule 81 (EDAD -> t_edad DOSPUNTOS VACIOS .)


state 207

    (82) CARGO -> t_cargo DOSPUNTOS POSIBLE_CARGO .

    COMA            reduce using rule 82 (CARGO -> t_cargo DOSPUNTOS POSIBLE_CARGO .)


state 208

    (50) EMP -> L_LLAVE NOMBRE COMA EDAD COMA CARGO COMA . SALARIO COMA ACTIVO COMA FECHA_CON COMA PROYECTOS R_LLAVE
    (51) EMP -> L_LLAVE NOMBRE COMA EDAD COMA CARGO COMA . SALARIO COMA ACTIVO COMA FECHA_CON COMA PROYECTOS R_LLAVE COMA EMP
    (56) EMP -> L_LLAVE NOMBRE COMA EDAD COMA CARGO COMA . SALARIO COMA ACTIVO COMA FECHA_CON R_LLAVE
    (57) EMP -> L_LLAVE NOMBRE COMA EDAD COMA CARGO COMA . SALARIO COMA ACTIVO COMA FECHA_CON R_LLAVE COMA EMP
    (83) SALARIO -> . t_salario DOSPUNTOS INTEGER
    (84) SALARIO -> . t_salario DOSPUNTOS FLOAT

    t_salario       shift and go to state 204

    SALARIO                        shift and go to state 211

state 209

    (52) EMP -> L_LLAVE NOMBRE COMA CARGO COMA SALARIO COMA . ACTIVO COMA FECHA_CON COMA PROYECTOS R_LLAVE
    (53) EMP -> L_LLAVE NOMBRE COMA CARGO COMA SALARIO COMA . ACTIVO COMA FECHA_CON COMA PROYECTOS R_LLAVE COMA EMP
    (54) EMP -> L_LLAVE NOMBRE COMA CARGO COMA SALARIO COMA . ACTIVO COMA FECHA_CON R_LLAVE
    (55) EMP -> L_LLAVE NOMBRE COMA CARGO COMA SALARIO COMA . ACTIVO COMA FECHA_CON R_LLAVE COMA EMP
    (85) ACTIVO -> . t_activo DOSPUNTOS BOOLEAN

    t_activo        shift and go to state 213

    ACTIVO                         shift and go to state 212

state 210

    (83) SALARIO -> t_salario DOSPUNTOS . INTEGER
    (84) SALARIO -> t_salario DOSPUNTOS . FLOAT

    INTEGER         shift and go to state 214
    FLOAT           shift and go to state 215


state 211

    (50) EMP -> L_LLAVE NOMBRE COMA EDAD COMA CARGO COMA SALARIO . COMA ACTIVO COMA FECHA_CON COMA PROYECTOS R_LLAVE
    (51) EMP -> L_LLAVE NOMBRE COMA EDAD COMA CARGO COMA SALARIO . COMA ACTIVO COMA FECHA_CON COMA PROYECTOS R_LLAVE COMA EMP
    (56) EMP -> L_LLAVE NOMBRE COMA EDAD COMA CARGO COMA SALARIO . COMA ACTIVO COMA FECHA_CON R_LLAVE
    (57) EMP -> L_LLAVE NOMBRE COMA EDAD COMA CARGO COMA SALARIO . COMA ACTIVO COMA FECHA_CON R_LLAVE COMA EMP

    COMA            shift and go to state 216


state 212

    (52) EMP -> L_LLAVE NOMBRE COMA CARGO COMA SALARIO COMA ACTIVO . COMA FECHA_CON COMA PROYECTOS R_LLAVE
    (53) EMP -> L_LLAVE NOMBRE COMA CARGO COMA SALARIO COMA ACTIVO . COMA FECHA_CON COMA PROYECTOS R_LLAVE COMA EMP
    (54) EMP -> L_LLAVE NOMBRE COMA CARGO COMA SALARIO COMA ACTIVO . COMA FECHA_CON R_LLAVE
    (55) EMP -> L_LLAVE NOMBRE COMA CARGO COMA SALARIO COMA ACTIVO . COMA FECHA_CON R_LLAVE COMA EMP

    COMA            shift and go to state 217


state 213

    (85) ACTIVO -> t_activo . DOSPUNTOS BOOLEAN

    DOSPUNTOS       shift and go to state 218


state 214

    (83) SALARIO -> t_salario DOSPUNTOS INTEGER .

    COMA            reduce using rule 83 (SALARIO -> t_salario DOSPUNTOS INTEGER .)


state 215

    (84) SALARIO -> t_salario DOSPUNTOS FLOAT .

    COMA            reduce using rule 84 (SALARIO -> t_salario DOSPUNTOS FLOAT .)


state 216

    (50) EMP -> L_LLAVE NOMBRE COMA EDAD COMA CARGO COMA SALARIO COMA . ACTIVO COMA FECHA_CON COMA PROYECTOS R_LLAVE
    (51) EMP -> L_LLAVE NOMBRE COMA EDAD COMA CARGO COMA SALARIO COMA . ACTIVO COMA FECHA_CON COMA PROYECTOS R_LLAVE COMA EMP
    (56) EMP -> L_LLAVE NOMBRE COMA EDAD COMA CARGO COMA SALARIO COMA . ACTIVO COMA FECHA_CON R_LLAVE
    (57) EMP -> L_LLAVE NOMBRE COMA EDAD COMA CARGO COMA SALARIO COMA . ACTIVO COMA FECHA_CON R_LLAVE COMA EMP
    (85) ACTIVO -> . t_activo DOSPUNTOS BOOLEAN

    t_activo        shift and go to state 213

    ACTIVO                         shift and go to state 219

state 217

    (52) EMP -> L_LLAVE NOMBRE COMA CARGO COMA SALARIO COMA ACTIVO COMA . FECHA_CON COMA PROYECTOS R_LLAVE
    (53) EMP -> L_LLAVE NOMBRE COMA CARGO COMA SALARIO COMA ACTIVO COMA . FECHA_CON COMA PROYECTOS R_LLAVE COMA EMP
    (54) EMP -> L_LLAVE NOMBRE COMA CARGO COMA SALARIO COMA ACTIVO COMA . FECHA_CON R_LLAVE
    (55) EMP -> L_LLAVE NOMBRE COMA CARGO COMA SALARIO COMA ACTIVO COMA . FECHA_CON R_LLAVE COMA EMP
    (86) FECHA_CON -> . t_fecha_contratacion DOSPUNTOS DATE

    t_fecha_contratacion shift and go to state 221

    FECHA_CON                      shift and go to state 220

state 218

    (85) ACTIVO -> t_activo DOSPUNTOS . BOOLEAN

    BOOLEAN         shift and go to state 222


state 219

    (50) EMP -> L_LLAVE NOMBRE COMA EDAD COMA CARGO COMA SALARIO COMA ACTIVO . COMA FECHA_CON COMA PROYECTOS R_LLAVE
    (51) EMP -> L_LLAVE NOMBRE COMA EDAD COMA CARGO COMA SALARIO COMA ACTIVO . COMA FECHA_CON COMA PROYECTOS R_LLAVE COMA EMP
    (56) EMP -> L_LLAVE NOMBRE COMA EDAD COMA CARGO COMA SALARIO COMA ACTIVO . COMA FECHA_CON R_LLAVE
    (57) EMP -> L_LLAVE NOMBRE COMA EDAD COMA CARGO COMA SALARIO COMA ACTIVO . COMA FECHA_CON R_LLAVE COMA EMP

    COMA            shift and go to state 223


state 220

    (52) EMP -> L_LLAVE NOMBRE COMA CARGO COMA SALARIO COMA ACTIVO COMA FECHA_CON . COMA PROYECTOS R_LLAVE
    (53) EMP -> L_LLAVE NOMBRE COMA CARGO COMA SALARIO COMA ACTIVO COMA FECHA_CON . COMA PROYECTOS R_LLAVE COMA EMP
    (54) EMP -> L_LLAVE NOMBRE COMA CARGO COMA SALARIO COMA ACTIVO COMA FECHA_CON . R_LLAVE
    (55) EMP -> L_LLAVE NOMBRE COMA CARGO COMA SALARIO COMA ACTIVO COMA FECHA_CON . R_LLAVE COMA EMP

    COMA            shift and go to state 224
    R_LLAVE         shift and go to state 225


state 221

    (86) FECHA_CON -> t_fecha_contratacion . DOSPUNTOS DATE

    DOSPUNTOS       shift and go to state 226


state 222

    (85) ACTIVO -> t_activo DOSPUNTOS BOOLEAN .

    COMA            reduce using rule 85 (ACTIVO -> t_activo DOSPUNTOS BOOLEAN .)


state 223

    (50) EMP -> L_LLAVE NOMBRE COMA EDAD COMA CARGO COMA SALARIO COMA ACTIVO COMA . FECHA_CON COMA PROYECTOS R_LLAVE
    (51) EMP -> L_LLAVE NOMBRE COMA EDAD COMA CARGO COMA SALARIO COMA ACTIVO COMA . FECHA_CON COMA PROYECTOS R_LLAVE COMA EMP
    (56) EMP -> L_LLAVE NOMBRE COMA EDAD COMA CARGO COMA SALARIO COMA ACTIVO COMA . FECHA_CON R_LLAVE
    (57) EMP -> L_LLAVE NOMBRE COMA EDAD COMA CARGO COMA SALARIO COMA ACTIVO COMA . FECHA_CON R_LLAVE COMA EMP
    (86) FECHA_CON -> . t_fecha_contratacion DOSPUNTOS DATE

    t_fecha_contratacion shift and go to state 221

    FECHA_CON                      shift and go to state 227

state 224

    (52) EMP -> L_LLAVE NOMBRE COMA CARGO COMA SALARIO COMA ACTIVO COMA FECHA_CON COMA . PROYECTOS R_LLAVE
    (53) EMP -> L_LLAVE NOMBRE COMA CARGO COMA SALARIO COMA ACTIVO COMA FECHA_CON COMA . PROYECTOS R_LLAVE COMA EMP
    (58) PROYECTOS -> . t_proyectos DOSPUNTOS L_CORCHETE PROY R_CORCHETE
    (59) PROYECTOS -> . t_proyectos DOSPUNTOS VACIOS

    t_proyectos     shift and go to state 229

    PROYECTOS                      shift and go to state 228

state 225

    (54) EMP -> L_LLAVE NOMBRE COMA CARGO COMA SALARIO COMA ACTIVO COMA FECHA_CON R_LLAVE .
    (55) EMP -> L_LLAVE NOMBRE COMA CARGO COMA SALARIO COMA ACTIVO COMA FECHA_CON R_LLAVE . COMA EMP

    R_CORCHETE      reduce using rule 54 (EMP -> L_LLAVE NOMBRE COMA CARGO COMA SALARIO COMA ACTIVO COMA FECHA_CON R_LLAVE .)
    COMA            shift and go to state 230


state 226

    (86) FECHA_CON -> t_fecha_contratacion DOSPUNTOS . DATE

    DATE            shift and go to state 231


state 227

    (50) EMP -> L_LLAVE NOMBRE COMA EDAD COMA CARGO COMA SALARIO COMA ACTIVO COMA FECHA_CON . COMA PROYECTOS R_LLAVE
    (51) EMP -> L_LLAVE NOMBRE COMA EDAD COMA CARGO COMA SALARIO COMA ACTIVO COMA FECHA_CON . COMA PROYECTOS R_LLAVE COMA EMP
    (56) EMP -> L_LLAVE NOMBRE COMA EDAD COMA CARGO COMA SALARIO COMA ACTIVO COMA FECHA_CON . R_LLAVE
    (57) EMP -> L_LLAVE NOMBRE COMA EDAD COMA CARGO COMA SALARIO COMA ACTIVO COMA FECHA_CON . R_LLAVE COMA EMP

    COMA            shift and go to state 232
    R_LLAVE         shift and go to state 233


state 228

    (52) EMP -> L_LLAVE NOMBRE COMA CARGO COMA SALARIO COMA ACTIVO COMA FECHA_CON COMA PROYECTOS . R_LLAVE
    (53) EMP -> L_LLAVE NOMBRE COMA CARGO COMA SALARIO COMA ACTIVO COMA FECHA_CON COMA PROYECTOS . R_LLAVE COMA EMP

    R_LLAVE         shift and go to state 234


state 229

    (58) PROYECTOS -> t_proyectos . DOSPUNTOS L_CORCHETE PROY R_CORCHETE
    (59) PROYECTOS -> t_proyectos . DOSPUNTOS VACIOS

    DOSPUNTOS       shift and go to state 235


state 230

    (55) EMP -> L_LLAVE NOMBRE COMA CARGO COMA SALARIO COMA ACTIVO COMA FECHA_CON R_LLAVE COMA . EMP
    (50) EMP -> . L_LLAVE NOMBRE COMA EDAD COMA CARGO COMA SALARIO COMA ACTIVO COMA FECHA_CON COMA PROYECTOS R_LLAVE
    (51) EMP -> . L_LLAVE NOMBRE COMA EDAD COMA CARGO COMA SALARIO COMA ACTIVO COMA FECHA_CON COMA PROYECTOS R_LLAVE COMA EMP
    (52) EMP -> . L_LLAVE NOMBRE COMA CARGO COMA SALARIO COMA ACTIVO COMA FECHA_CON COMA PROYECTOS R_LLAVE
    (53) EMP -> . L_LLAVE NOMBRE COMA CARGO COMA SALARIO COMA ACTIVO COMA FECHA_CON COMA PROYECTOS R_LLAVE COMA EMP
    (54) EMP -> . L_LLAVE NOMBRE COMA CARGO COMA SALARIO COMA ACTIVO COMA FECHA_CON R_LLAVE
    (55) EMP -> . L_LLAVE NOMBRE COMA CARGO COMA SALARIO COMA ACTIVO COMA FECHA_CON R_LLAVE COMA EMP
    (56) EMP -> . L_LLAVE NOMBRE COMA EDAD COMA CARGO COMA SALARIO COMA ACTIVO COMA FECHA_CON R_LLAVE
    (57) EMP -> . L_LLAVE NOMBRE COMA EDAD COMA CARGO COMA SALARIO COMA ACTIVO COMA FECHA_CON R_LLAVE COMA EMP

    L_LLAVE         shift and go to state 184

    EMP                            shift and go to state 236

state 231

    (86) FECHA_CON -> t_fecha_contratacion DOSPUNTOS DATE .

    COMA            reduce using rule 86 (FECHA_CON -> t_fecha_contratacion DOSPUNTOS DATE .)
    R_LLAVE         reduce using rule 86 (FECHA_CON -> t_fecha_contratacion DOSPUNTOS DATE .)


state 232

    (50) EMP -> L_LLAVE NOMBRE COMA EDAD COMA CARGO COMA SALARIO COMA ACTIVO COMA FECHA_CON COMA . PROYECTOS R_LLAVE
    (51) EMP -> L_LLAVE NOMBRE COMA EDAD COMA CARGO COMA SALARIO COMA ACTIVO COMA FECHA_CON COMA . PROYECTOS R_LLAVE COMA EMP
    (58) PROYECTOS -> . t_proyectos DOSPUNTOS L_CORCHETE PROY R_CORCHETE
    (59) PROYECTOS -> . t_proyectos DOSPUNTOS VACIOS

    t_proyectos     shift and go to state 229

    PROYECTOS                      shift and go to state 237

state 233

    (56) EMP -> L_LLAVE NOMBRE COMA EDAD COMA CARGO COMA SALARIO COMA ACTIVO COMA FECHA_CON R_LLAVE .
    (57) EMP -> L_LLAVE NOMBRE COMA EDAD COMA CARGO COMA SALARIO COMA ACTIVO COMA FECHA_CON R_LLAVE . COMA EMP

    R_CORCHETE      reduce using rule 56 (EMP -> L_LLAVE NOMBRE COMA EDAD COMA CARGO COMA SALARIO COMA ACTIVO COMA FECHA_CON R_LLAVE .)
    COMA            shift and go to state 238


state 234

    (52) EMP -> L_LLAVE NOMBRE COMA CARGO COMA SALARIO COMA ACTIVO COMA FECHA_CON COMA PROYECTOS R_LLAVE .
    (53) EMP -> L_LLAVE NOMBRE COMA CARGO COMA SALARIO COMA ACTIVO COMA FECHA_CON COMA PROYECTOS R_LLAVE . COMA EMP

    R_CORCHETE      reduce using rule 52 (EMP -> L_LLAVE NOMBRE COMA CARGO COMA SALARIO COMA ACTIVO COMA FECHA_CON COMA PROYECTOS R_LLAVE .)
    COMA            shift and go to state 239


state 235

    (58) PROYECTOS -> t_proyectos DOSPUNTOS . L_CORCHETE PROY R_CORCHETE
    (59) PROYECTOS -> t_proyectos DOSPUNTOS . VACIOS
    (96) VACIOS -> . t_VACIOS

    L_CORCHETE      shift and go to state 240
    t_VACIOS        shift and go to state 26

    VACIOS                         shift and go to state 241

state 236

    (55) EMP -> L_LLAVE NOMBRE COMA CARGO COMA SALARIO COMA ACTIVO COMA FECHA_CON R_LLAVE COMA EMP .

    R_CORCHETE      reduce using rule 55 (EMP -> L_LLAVE NOMBRE COMA CARGO COMA SALARIO COMA ACTIVO COMA FECHA_CON R_LLAVE COMA EMP .)


state 237

    (50) EMP -> L_LLAVE NOMBRE COMA EDAD COMA CARGO COMA SALARIO COMA ACTIVO COMA FECHA_CON COMA PROYECTOS . R_LLAVE
    (51) EMP -> L_LLAVE NOMBRE COMA EDAD COMA CARGO COMA SALARIO COMA ACTIVO COMA FECHA_CON COMA PROYECTOS . R_LLAVE COMA EMP

    R_LLAVE         shift and go to state 242


state 238

    (57) EMP -> L_LLAVE NOMBRE COMA EDAD COMA CARGO COMA SALARIO COMA ACTIVO COMA FECHA_CON R_LLAVE COMA . EMP
    (50) EMP -> . L_LLAVE NOMBRE COMA EDAD COMA CARGO COMA SALARIO COMA ACTIVO COMA FECHA_CON COMA PROYECTOS R_LLAVE
    (51) EMP -> . L_LLAVE NOMBRE COMA EDAD COMA CARGO COMA SALARIO COMA ACTIVO COMA FECHA_CON COMA PROYECTOS R_LLAVE COMA EMP
    (52) EMP -> . L_LLAVE NOMBRE COMA CARGO COMA SALARIO COMA ACTIVO COMA FECHA_CON COMA PROYECTOS R_LLAVE
    (53) EMP -> . L_LLAVE NOMBRE COMA CARGO COMA SALARIO COMA ACTIVO COMA FECHA_CON COMA PROYECTOS R_LLAVE COMA EMP
    (54) EMP -> . L_LLAVE NOMBRE COMA CARGO COMA SALARIO COMA ACTIVO COMA FECHA_CON R_LLAVE
    (55) EMP -> . L_LLAVE NOMBRE COMA CARGO COMA SALARIO COMA ACTIVO COMA FECHA_CON R_LLAVE COMA EMP
    (56) EMP -> . L_LLAVE NOMBRE COMA EDAD COMA CARGO COMA SALARIO COMA ACTIVO COMA FECHA_CON R_LLAVE
    (57) EMP -> . L_LLAVE NOMBRE COMA EDAD COMA CARGO COMA SALARIO COMA ACTIVO COMA FECHA_CON R_LLAVE COMA EMP

    L_LLAVE         shift and go to state 184

    EMP                            shift and go to state 243

state 239

    (53) EMP -> L_LLAVE NOMBRE COMA CARGO COMA SALARIO COMA ACTIVO COMA FECHA_CON COMA PROYECTOS R_LLAVE COMA . EMP
    (50) EMP -> . L_LLAVE NOMBRE COMA EDAD COMA CARGO COMA SALARIO COMA ACTIVO COMA FECHA_CON COMA PROYECTOS R_LLAVE
    (51) EMP -> . L_LLAVE NOMBRE COMA EDAD COMA CARGO COMA SALARIO COMA ACTIVO COMA FECHA_CON COMA PROYECTOS R_LLAVE COMA EMP
    (52) EMP -> . L_LLAVE NOMBRE COMA CARGO COMA SALARIO COMA ACTIVO COMA FECHA_CON COMA PROYECTOS R_LLAVE
    (53) EMP -> . L_LLAVE NOMBRE COMA CARGO COMA SALARIO COMA ACTIVO COMA FECHA_CON COMA PROYECTOS R_LLAVE COMA EMP
    (54) EMP -> . L_LLAVE NOMBRE COMA CARGO COMA SALARIO COMA ACTIVO COMA FECHA_CON R_LLAVE
    (55) EMP -> . L_LLAVE NOMBRE COMA CARGO COMA SALARIO COMA ACTIVO COMA FECHA_CON R_LLAVE COMA EMP
    (56) EMP -> . L_LLAVE NOMBRE COMA EDAD COMA CARGO COMA SALARIO COMA ACTIVO COMA FECHA_CON R_LLAVE
    (57) EMP -> . L_LLAVE NOMBRE COMA EDAD COMA CARGO COMA SALARIO COMA ACTIVO COMA FECHA_CON R_LLAVE COMA EMP

    L_LLAVE         shift and go to state 184

    EMP                            shift and go to state 244

state 240

    (58) PROYECTOS -> t_proyectos DOSPUNTOS L_CORCHETE . PROY R_CORCHETE
    (60) PROY -> . L_LLAVE NOMBRE COMA ESTADO COMA FECHA_IN COMA FECHA_FIN R_LLAVE
    (61) PROY -> . L_LLAVE NOMBRE COMA ESTADO COMA FECHA_IN COMA FECHA_FIN R_LLAVE COMA PROY
    (62) PROY -> . L_LLAVE NOMBRE COMA FECHA_IN COMA FECHA_FIN R_LLAVE
    (63) PROY -> . L_LLAVE NOMBRE COMA FECHA_IN COMA FECHA_FIN R_LLAVE COMA PROY
    (64) PROY -> . L_LLAVE NOMBRE COMA ESTADO COMA FECHA_IN R_LLAVE
    (65) PROY -> . L_LLAVE NOMBRE COMA ESTADO COMA FECHA_IN R_LLAVE COMA PROY
    (66) PROY -> . L_LLAVE NOMBRE COMA FECHA_IN R_LLAVE
    (67) PROY -> . L_LLAVE NOMBRE COMA FECHA_IN R_LLAVE COMA PROY

    L_LLAVE         shift and go to state 246

    PROY                           shift and go to state 245

state 241

    (59) PROYECTOS -> t_proyectos DOSPUNTOS VACIOS .

    R_LLAVE         reduce using rule 59 (PROYECTOS -> t_proyectos DOSPUNTOS VACIOS .)


state 242

    (50) EMP -> L_LLAVE NOMBRE COMA EDAD COMA CARGO COMA SALARIO COMA ACTIVO COMA FECHA_CON COMA PROYECTOS R_LLAVE .
    (51) EMP -> L_LLAVE NOMBRE COMA EDAD COMA CARGO COMA SALARIO COMA ACTIVO COMA FECHA_CON COMA PROYECTOS R_LLAVE . COMA EMP

    R_CORCHETE      reduce using rule 50 (EMP -> L_LLAVE NOMBRE COMA EDAD COMA CARGO COMA SALARIO COMA ACTIVO COMA FECHA_CON COMA PROYECTOS R_LLAVE .)
    COMA            shift and go to state 247


state 243

    (57) EMP -> L_LLAVE NOMBRE COMA EDAD COMA CARGO COMA SALARIO COMA ACTIVO COMA FECHA_CON R_LLAVE COMA EMP .

    R_CORCHETE      reduce using rule 57 (EMP -> L_LLAVE NOMBRE COMA EDAD COMA CARGO COMA SALARIO COMA ACTIVO COMA FECHA_CON R_LLAVE COMA EMP .)


state 244

    (53) EMP -> L_LLAVE NOMBRE COMA CARGO COMA SALARIO COMA ACTIVO COMA FECHA_CON COMA PROYECTOS R_LLAVE COMA EMP .

    R_CORCHETE      reduce using rule 53 (EMP -> L_LLAVE NOMBRE COMA CARGO COMA SALARIO COMA ACTIVO COMA FECHA_CON COMA PROYECTOS R_LLAVE COMA EMP .)


state 245

    (58) PROYECTOS -> t_proyectos DOSPUNTOS L_CORCHETE PROY . R_CORCHETE

    R_CORCHETE      shift and go to state 248


state 246

    (60) PROY -> L_LLAVE . NOMBRE COMA ESTADO COMA FECHA_IN COMA FECHA_FIN R_LLAVE
    (61) PROY -> L_LLAVE . NOMBRE COMA ESTADO COMA FECHA_IN COMA FECHA_FIN R_LLAVE COMA PROY
    (62) PROY -> L_LLAVE . NOMBRE COMA FECHA_IN COMA FECHA_FIN R_LLAVE
    (63) PROY -> L_LLAVE . NOMBRE COMA FECHA_IN COMA FECHA_FIN R_LLAVE COMA PROY
    (64) PROY -> L_LLAVE . NOMBRE COMA ESTADO COMA FECHA_IN R_LLAVE
    (65) PROY -> L_LLAVE . NOMBRE COMA ESTADO COMA FECHA_IN R_LLAVE COMA PROY
    (66) PROY -> L_LLAVE . NOMBRE COMA FECHA_IN R_LLAVE
    (67) PROY -> L_LLAVE . NOMBRE COMA FECHA_IN R_LLAVE COMA PROY
    (77) NOMBRE -> . t_nombre DOSPUNTOS STRING

    t_nombre        shift and go to state 120

    NOMBRE                         shift and go to state 249

state 247

    (51) EMP -> L_LLAVE NOMBRE COMA EDAD COMA CARGO COMA SALARIO COMA ACTIVO COMA FECHA_CON COMA PROYECTOS R_LLAVE COMA . EMP
    (50) EMP -> . L_LLAVE NOMBRE COMA EDAD COMA CARGO COMA SALARIO COMA ACTIVO COMA FECHA_CON COMA PROYECTOS R_LLAVE
    (51) EMP -> . L_LLAVE NOMBRE COMA EDAD COMA CARGO COMA SALARIO COMA ACTIVO COMA FECHA_CON COMA PROYECTOS R_LLAVE COMA EMP
    (52) EMP -> . L_LLAVE NOMBRE COMA CARGO COMA SALARIO COMA ACTIVO COMA FECHA_CON COMA PROYECTOS R_LLAVE
    (53) EMP -> . L_LLAVE NOMBRE COMA CARGO COMA SALARIO COMA ACTIVO COMA FECHA_CON COMA PROYECTOS R_LLAVE COMA EMP
    (54) EMP -> . L_LLAVE NOMBRE COMA CARGO COMA SALARIO COMA ACTIVO COMA FECHA_CON R_LLAVE
    (55) EMP -> . L_LLAVE NOMBRE COMA CARGO COMA SALARIO COMA ACTIVO COMA FECHA_CON R_LLAVE COMA EMP
    (56) EMP -> . L_LLAVE NOMBRE COMA EDAD COMA CARGO COMA SALARIO COMA ACTIVO COMA FECHA_CON R_LLAVE
    (57) EMP -> . L_LLAVE NOMBRE COMA EDAD COMA CARGO COMA SALARIO COMA ACTIVO COMA FECHA_CON R_LLAVE COMA EMP

    L_LLAVE         shift and go to state 184

    EMP                            shift and go to state 250

state 248

    (58) PROYECTOS -> t_proyectos DOSPUNTOS L_CORCHETE PROY R_CORCHETE .

    R_LLAVE         reduce using rule 58 (PROYECTOS -> t_proyectos DOSPUNTOS L_CORCHETE PROY R_CORCHETE .)


state 249

    (60) PROY -> L_LLAVE NOMBRE . COMA ESTADO COMA FECHA_IN COMA FECHA_FIN R_LLAVE
    (61) PROY -> L_LLAVE NOMBRE . COMA ESTADO COMA FECHA_IN COMA FECHA_FIN R_LLAVE COMA PROY
    (62) PROY -> L_LLAVE NOMBRE . COMA FECHA_IN COMA FECHA_FIN R_LLAVE
    (63) PROY -> L_LLAVE NOMBRE . COMA FECHA_IN COMA FECHA_FIN R_LLAVE COMA PROY
    (64) PROY -> L_LLAVE NOMBRE . COMA ESTADO COMA FECHA_IN R_LLAVE
    (65) PROY -> L_LLAVE NOMBRE . COMA ESTADO COMA FECHA_IN R_LLAVE COMA PROY
    (66) PROY -> L_LLAVE NOMBRE . COMA FECHA_IN R_LLAVE
    (67) PROY -> L_LLAVE NOMBRE . COMA FECHA_IN R_LLAVE COMA PROY

    COMA            shift and go to state 251


state 250

    (51) EMP -> L_LLAVE NOMBRE COMA EDAD COMA CARGO COMA SALARIO COMA ACTIVO COMA FECHA_CON COMA PROYECTOS R_LLAVE COMA EMP .

    R_CORCHETE      reduce using rule 51 (EMP -> L_LLAVE NOMBRE COMA EDAD COMA CARGO COMA SALARIO COMA ACTIVO COMA FECHA_CON COMA PROYECTOS R_LLAVE COMA EMP .)


state 251

    (60) PROY -> L_LLAVE NOMBRE COMA . ESTADO COMA FECHA_IN COMA FECHA_FIN R_LLAVE
    (61) PROY -> L_LLAVE NOMBRE COMA . ESTADO COMA FECHA_IN COMA FECHA_FIN R_LLAVE COMA PROY
    (62) PROY -> L_LLAVE NOMBRE COMA . FECHA_IN COMA FECHA_FIN R_LLAVE
    (63) PROY -> L_LLAVE NOMBRE COMA . FECHA_IN COMA FECHA_FIN R_LLAVE COMA PROY
    (64) PROY -> L_LLAVE NOMBRE COMA . ESTADO COMA FECHA_IN R_LLAVE
    (65) PROY -> L_LLAVE NOMBRE COMA . ESTADO COMA FECHA_IN R_LLAVE COMA PROY
    (66) PROY -> L_LLAVE NOMBRE COMA . FECHA_IN R_LLAVE
    (67) PROY -> L_LLAVE NOMBRE COMA . FECHA_IN R_LLAVE COMA PROY
    (87) ESTADO -> . t_estado DOSPUNTOS POSIBLE_ESTADO
    (88) ESTADO -> . t_estado DOSPUNTOS VACIOS
    (89) FECHA_IN -> . t_fecha_inicio DOSPUNTOS DATE

    t_estado        shift and go to state 254
    t_fecha_inicio  shift and go to state 255

    ESTADO                         shift and go to state 252
    FECHA_IN                       shift and go to state 253

state 252

    (60) PROY -> L_LLAVE NOMBRE COMA ESTADO . COMA FECHA_IN COMA FECHA_FIN R_LLAVE
    (61) PROY -> L_LLAVE NOMBRE COMA ESTADO . COMA FECHA_IN COMA FECHA_FIN R_LLAVE COMA PROY
    (64) PROY -> L_LLAVE NOMBRE COMA ESTADO . COMA FECHA_IN R_LLAVE
    (65) PROY -> L_LLAVE NOMBRE COMA ESTADO . COMA FECHA_IN R_LLAVE COMA PROY

    COMA            shift and go to state 256


state 253

    (62) PROY -> L_LLAVE NOMBRE COMA FECHA_IN . COMA FECHA_FIN R_LLAVE
    (63) PROY -> L_LLAVE NOMBRE COMA FECHA_IN . COMA FECHA_FIN R_LLAVE COMA PROY
    (66) PROY -> L_LLAVE NOMBRE COMA FECHA_IN . R_LLAVE
    (67) PROY -> L_LLAVE NOMBRE COMA FECHA_IN . R_LLAVE COMA PROY

    COMA            shift and go to state 257
    R_LLAVE         shift and go to state 258


state 254

    (87) ESTADO -> t_estado . DOSPUNTOS POSIBLE_ESTADO
    (88) ESTADO -> t_estado . DOSPUNTOS VACIOS

    DOSPUNTOS       shift and go to state 259


state 255

    (89) FECHA_IN -> t_fecha_inicio . DOSPUNTOS DATE

    DOSPUNTOS       shift and go to state 260


state 256

    (60) PROY -> L_LLAVE NOMBRE COMA ESTADO COMA . FECHA_IN COMA FECHA_FIN R_LLAVE
    (61) PROY -> L_LLAVE NOMBRE COMA ESTADO COMA . FECHA_IN COMA FECHA_FIN R_LLAVE COMA PROY
    (64) PROY -> L_LLAVE NOMBRE COMA ESTADO COMA . FECHA_IN R_LLAVE
    (65) PROY -> L_LLAVE NOMBRE COMA ESTADO COMA . FECHA_IN R_LLAVE COMA PROY
    (89) FECHA_IN -> . t_fecha_inicio DOSPUNTOS DATE

    t_fecha_inicio  shift and go to state 255

    FECHA_IN                       shift and go to state 261

state 257

    (62) PROY -> L_LLAVE NOMBRE COMA FECHA_IN COMA . FECHA_FIN R_LLAVE
    (63) PROY -> L_LLAVE NOMBRE COMA FECHA_IN COMA . FECHA_FIN R_LLAVE COMA PROY
    (90) FECHA_FIN -> . t_fecha_fin DOSPUNTOS DATE
    (91) FECHA_FIN -> . t_fecha_fin DOSPUNTOS VACIOS

    t_fecha_fin     shift and go to state 263

    FECHA_FIN                      shift and go to state 262

state 258

    (66) PROY -> L_LLAVE NOMBRE COMA FECHA_IN R_LLAVE .
    (67) PROY -> L_LLAVE NOMBRE COMA FECHA_IN R_LLAVE . COMA PROY

    R_CORCHETE      reduce using rule 66 (PROY -> L_LLAVE NOMBRE COMA FECHA_IN R_LLAVE .)
    COMA            shift and go to state 264


state 259

    (87) ESTADO -> t_estado DOSPUNTOS . POSIBLE_ESTADO
    (88) ESTADO -> t_estado DOSPUNTOS . VACIOS
    (96) VACIOS -> . t_VACIOS

    POSIBLE_ESTADO  shift and go to state 265
    t_VACIOS        shift and go to state 26

    VACIOS                         shift and go to state 266

state 260

    (89) FECHA_IN -> t_fecha_inicio DOSPUNTOS . DATE

    DATE            shift and go to state 267


state 261

    (60) PROY -> L_LLAVE NOMBRE COMA ESTADO COMA FECHA_IN . COMA FECHA_FIN R_LLAVE
    (61) PROY -> L_LLAVE NOMBRE COMA ESTADO COMA FECHA_IN . COMA FECHA_FIN R_LLAVE COMA PROY
    (64) PROY -> L_LLAVE NOMBRE COMA ESTADO COMA FECHA_IN . R_LLAVE
    (65) PROY -> L_LLAVE NOMBRE COMA ESTADO COMA FECHA_IN . R_LLAVE COMA PROY

    COMA            shift and go to state 268
    R_LLAVE         shift and go to state 269


state 262

    (62) PROY -> L_LLAVE NOMBRE COMA FECHA_IN COMA FECHA_FIN . R_LLAVE
    (63) PROY -> L_LLAVE NOMBRE COMA FECHA_IN COMA FECHA_FIN . R_LLAVE COMA PROY

    R_LLAVE         shift and go to state 270


state 263

    (90) FECHA_FIN -> t_fecha_fin . DOSPUNTOS DATE
    (91) FECHA_FIN -> t_fecha_fin . DOSPUNTOS VACIOS

    DOSPUNTOS       shift and go to state 271


state 264

    (67) PROY -> L_LLAVE NOMBRE COMA FECHA_IN R_LLAVE COMA . PROY
    (60) PROY -> . L_LLAVE NOMBRE COMA ESTADO COMA FECHA_IN COMA FECHA_FIN R_LLAVE
    (61) PROY -> . L_LLAVE NOMBRE COMA ESTADO COMA FECHA_IN COMA FECHA_FIN R_LLAVE COMA PROY
    (62) PROY -> . L_LLAVE NOMBRE COMA FECHA_IN COMA FECHA_FIN R_LLAVE
    (63) PROY -> . L_LLAVE NOMBRE COMA FECHA_IN COMA FECHA_FIN R_LLAVE COMA PROY
    (64) PROY -> . L_LLAVE NOMBRE COMA ESTADO COMA FECHA_IN R_LLAVE
    (65) PROY -> . L_LLAVE NOMBRE COMA ESTADO COMA FECHA_IN R_LLAVE COMA PROY
    (66) PROY -> . L_LLAVE NOMBRE COMA FECHA_IN R_LLAVE
    (67) PROY -> . L_LLAVE NOMBRE COMA FECHA_IN R_LLAVE COMA PROY

    L_LLAVE         shift and go to state 246

    PROY                           shift and go to state 272

state 265

    (87) ESTADO -> t_estado DOSPUNTOS POSIBLE_ESTADO .

    COMA            reduce using rule 87 (ESTADO -> t_estado DOSPUNTOS POSIBLE_ESTADO .)


state 266

    (88) ESTADO -> t_estado DOSPUNTOS VACIOS .

    COMA            reduce using rule 88 (ESTADO -> t_estado DOSPUNTOS VACIOS .)


state 267

    (89) FECHA_IN -> t_fecha_inicio DOSPUNTOS DATE .

    COMA            reduce using rule 89 (FECHA_IN -> t_fecha_inicio DOSPUNTOS DATE .)
    R_LLAVE         reduce using rule 89 (FECHA_IN -> t_fecha_inicio DOSPUNTOS DATE .)


state 268

    (60) PROY -> L_LLAVE NOMBRE COMA ESTADO COMA FECHA_IN COMA . FECHA_FIN R_LLAVE
    (61) PROY -> L_LLAVE NOMBRE COMA ESTADO COMA FECHA_IN COMA . FECHA_FIN R_LLAVE COMA PROY
    (90) FECHA_FIN -> . t_fecha_fin DOSPUNTOS DATE
    (91) FECHA_FIN -> . t_fecha_fin DOSPUNTOS VACIOS

    t_fecha_fin     shift and go to state 263

    FECHA_FIN                      shift and go to state 273

state 269

    (64) PROY -> L_LLAVE NOMBRE COMA ESTADO COMA FECHA_IN R_LLAVE .
    (65) PROY -> L_LLAVE NOMBRE COMA ESTADO COMA FECHA_IN R_LLAVE . COMA PROY

    R_CORCHETE      reduce using rule 64 (PROY -> L_LLAVE NOMBRE COMA ESTADO COMA FECHA_IN R_LLAVE .)
    COMA            shift and go to state 274


state 270

    (62) PROY -> L_LLAVE NOMBRE COMA FECHA_IN COMA FECHA_FIN R_LLAVE .
    (63) PROY -> L_LLAVE NOMBRE COMA FECHA_IN COMA FECHA_FIN R_LLAVE . COMA PROY

    R_CORCHETE      reduce using rule 62 (PROY -> L_LLAVE NOMBRE COMA FECHA_IN COMA FECHA_FIN R_LLAVE .)
    COMA            shift and go to state 275


state 271

    (90) FECHA_FIN -> t_fecha_fin DOSPUNTOS . DATE
    (91) FECHA_FIN -> t_fecha_fin DOSPUNTOS . VACIOS
    (96) VACIOS -> . t_VACIOS

    DATE            shift and go to state 276
    t_VACIOS        shift and go to state 26

    VACIOS                         shift and go to state 277

state 272

    (67) PROY -> L_LLAVE NOMBRE COMA FECHA_IN R_LLAVE COMA PROY .

    R_CORCHETE      reduce using rule 67 (PROY -> L_LLAVE NOMBRE COMA FECHA_IN R_LLAVE COMA PROY .)


state 273

    (60) PROY -> L_LLAVE NOMBRE COMA ESTADO COMA FECHA_IN COMA FECHA_FIN . R_LLAVE
    (61) PROY -> L_LLAVE NOMBRE COMA ESTADO COMA FECHA_IN COMA FECHA_FIN . R_LLAVE COMA PROY

    R_LLAVE         shift and go to state 278


state 274

    (65) PROY -> L_LLAVE NOMBRE COMA ESTADO COMA FECHA_IN R_LLAVE COMA . PROY
    (60) PROY -> . L_LLAVE NOMBRE COMA ESTADO COMA FECHA_IN COMA FECHA_FIN R_LLAVE
    (61) PROY -> . L_LLAVE NOMBRE COMA ESTADO COMA FECHA_IN COMA FECHA_FIN R_LLAVE COMA PROY
    (62) PROY -> . L_LLAVE NOMBRE COMA FECHA_IN COMA FECHA_FIN R_LLAVE
    (63) PROY -> . L_LLAVE NOMBRE COMA FECHA_IN COMA FECHA_FIN R_LLAVE COMA PROY
    (64) PROY -> . L_LLAVE NOMBRE COMA ESTADO COMA FECHA_IN R_LLAVE
    (65) PROY -> . L_LLAVE NOMBRE COMA ESTADO COMA FECHA_IN R_LLAVE COMA PROY
    (66) PROY -> . L_LLAVE NOMBRE COMA FECHA_IN R_LLAVE
    (67) PROY -> . L_LLAVE NOMBRE COMA FECHA_IN R_LLAVE COMA PROY

    L_LLAVE         shift and go to state 246

    PROY                           shift and go to state 279

state 275

    (63) PROY -> L_LLAVE NOMBRE COMA FECHA_IN COMA FECHA_FIN R_LLAVE COMA . PROY
    (60) PROY -> . L_LLAVE NOMBRE COMA ESTADO COMA FECHA_IN COMA FECHA_FIN R_LLAVE
    (61) PROY -> . L_LLAVE NOMBRE COMA ESTADO COMA FECHA_IN COMA FECHA_FIN R_LLAVE COMA PROY
    (62) PROY -> . L_LLAVE NOMBRE COMA FECHA_IN COMA FECHA_FIN R_LLAVE
    (63) PROY -> . L_LLAVE NOMBRE COMA FECHA_IN COMA FECHA_FIN R_LLAVE COMA PROY
    (64) PROY -> . L_LLAVE NOMBRE COMA ESTADO COMA FECHA_IN R_LLAVE
    (65) PROY -> . L_LLAVE NOMBRE COMA ESTADO COMA FECHA_IN R_LLAVE COMA PROY
    (66) PROY -> . L_LLAVE NOMBRE COMA FECHA_IN R_LLAVE
    (67) PROY -> . L_LLAVE NOMBRE COMA FECHA_IN R_LLAVE COMA PROY

    L_LLAVE         shift and go to state 246

    PROY                           shift and go to state 280

state 276

    (90) FECHA_FIN -> t_fecha_fin DOSPUNTOS DATE .

    R_LLAVE         reduce using rule 90 (FECHA_FIN -> t_fecha_fin DOSPUNTOS DATE .)


state 277

    (91) FECHA_FIN -> t_fecha_fin DOSPUNTOS VACIOS .

    R_LLAVE         reduce using rule 91 (FECHA_FIN -> t_fecha_fin DOSPUNTOS VACIOS .)


state 278

    (60) PROY -> L_LLAVE NOMBRE COMA ESTADO COMA FECHA_IN COMA FECHA_FIN R_LLAVE .
    (61) PROY -> L_LLAVE NOMBRE COMA ESTADO COMA FECHA_IN COMA FECHA_FIN R_LLAVE . COMA PROY

    R_CORCHETE      reduce using rule 60 (PROY -> L_LLAVE NOMBRE COMA ESTADO COMA FECHA_IN COMA FECHA_FIN R_LLAVE .)
    COMA            shift and go to state 281


state 279

    (65) PROY -> L_LLAVE NOMBRE COMA ESTADO COMA FECHA_IN R_LLAVE COMA PROY .

    R_CORCHETE      reduce using rule 65 (PROY -> L_LLAVE NOMBRE COMA ESTADO COMA FECHA_IN R_LLAVE COMA PROY .)


state 280

    (63) PROY -> L_LLAVE NOMBRE COMA FECHA_IN COMA FECHA_FIN R_LLAVE COMA PROY .

    R_CORCHETE      reduce using rule 63 (PROY -> L_LLAVE NOMBRE COMA FECHA_IN COMA FECHA_FIN R_LLAVE COMA PROY .)


state 281

    (61) PROY -> L_LLAVE NOMBRE COMA ESTADO COMA FECHA_IN COMA FECHA_FIN R_LLAVE COMA . PROY
    (60) PROY -> . L_LLAVE NOMBRE COMA ESTADO COMA FECHA_IN COMA FECHA_FIN R_LLAVE
    (61) PROY -> . L_LLAVE NOMBRE COMA ESTADO COMA FECHA_IN COMA FECHA_FIN R_LLAVE COMA PROY
    (62) PROY -> . L_LLAVE NOMBRE COMA FECHA_IN COMA FECHA_FIN R_LLAVE
    (63) PROY -> . L_LLAVE NOMBRE COMA FECHA_IN COMA FECHA_FIN R_LLAVE COMA PROY
    (64) PROY -> . L_LLAVE NOMBRE COMA ESTADO COMA FECHA_IN R_LLAVE
    (65) PROY -> . L_LLAVE NOMBRE COMA ESTADO COMA FECHA_IN R_LLAVE COMA PROY
    (66) PROY -> . L_LLAVE NOMBRE COMA FECHA_IN R_LLAVE
    (67) PROY -> . L_LLAVE NOMBRE COMA FECHA_IN R_LLAVE COMA PROY

    L_LLAVE         shift and go to state 246

    PROY                           shift and go to state 282

state 282

    (61) PROY -> L_LLAVE NOMBRE COMA ESTADO COMA FECHA_IN COMA FECHA_FIN R_LLAVE COMA PROY .

    R_CORCHETE      reduce using rule 61 (PROY -> L_LLAVE NOMBRE COMA ESTADO COMA FECHA_IN COMA FECHA_FIN R_LLAVE COMA PROY .)

WARNING: 
WARNING: Conflicts:
WARNING: 
WARNING: shift/reduce conflict for COMA in state 7 resolved as shift
WARNING: shift/reduce conflict for COMA in state 8 resolved as shift
